The system is: Linux - 5.15.0-88-generic - x86_64
Compiling the C compiler identification source file "CMakeCCompilerId.c" succeeded.
Compiler: /usr/local/linaro-aarch64-2020.09-gcc10.2-linux5.4/bin/aarch64-linux-gnu-gcc -march=armv8-a;-mcpu=cortex-a53+crypto
Build flags: 
Id flags:  

The output was:
0


Compilation of the C compiler identification source "CMakeCCompilerId.c" produced "a.out"

The C compiler identification is GNU, found in "/home/jh/workspaces/aws/amazon-kinesis-video-streams-producer-c/MediaStreamProvider_cpp/doorbell-build/CMakeFiles/3.16.3/CompilerIdC/a.out"

Compiling the CXX compiler identification source file "CMakeCXXCompilerId.cpp" succeeded.
Compiler: /usr/local/linaro-aarch64-2020.09-gcc10.2-linux5.4/bin/aarch64-linux-gnu-g++ 
Build flags: 
Id flags:  

The output was:
0


Compilation of the CXX compiler identification source "CMakeCXXCompilerId.cpp" produced "a.out"

The CXX compiler identification is GNU, found in "/home/jh/workspaces/aws/amazon-kinesis-video-streams-producer-c/MediaStreamProvider_cpp/doorbell-build/CMakeFiles/3.16.3/CompilerIdCXX/a.out"

Determining if the C compiler works passed with the following output:
Change Dir: /home/jh/workspaces/aws/amazon-kinesis-video-streams-producer-c/MediaStreamProvider_cpp/doorbell-build/CMakeFiles/CMakeTmp

Run Build Command(s):/usr/bin/make cmTC_181c4/fast && /usr/bin/make -f CMakeFiles/cmTC_181c4.dir/build.make CMakeFiles/cmTC_181c4.dir/build
make[1]: Entering directory '/home/jh/workspaces/aws/amazon-kinesis-video-streams-producer-c/MediaStreamProvider_cpp/doorbell-build/CMakeFiles/CMakeTmp'
Building C object CMakeFiles/cmTC_181c4.dir/testCCompiler.c.o
/usr/local/linaro-aarch64-2020.09-gcc10.2-linux5.4/bin/aarch64-linux-gnu-gcc  -march=armv8-a -mcpu=cortex-a53+crypto    -o CMakeFiles/cmTC_181c4.dir/testCCompiler.c.o   -c /home/jh/workspaces/aws/amazon-kinesis-video-streams-producer-c/MediaStreamProvider_cpp/doorbell-build/CMakeFiles/CMakeTmp/testCCompiler.c
Linking C executable cmTC_181c4
/usr/bin/cmake -E cmake_link_script CMakeFiles/cmTC_181c4.dir/link.txt --verbose=1
/usr/local/linaro-aarch64-2020.09-gcc10.2-linux5.4/bin/aarch64-linux-gnu-gcc  -march=armv8-a -mcpu=cortex-a53+crypto      CMakeFiles/cmTC_181c4.dir/testCCompiler.c.o  -o cmTC_181c4 
make[1]: Leaving directory '/home/jh/workspaces/aws/amazon-kinesis-video-streams-producer-c/MediaStreamProvider_cpp/doorbell-build/CMakeFiles/CMakeTmp'



Detecting C compiler ABI info compiled with the following output:
Change Dir: /home/jh/workspaces/aws/amazon-kinesis-video-streams-producer-c/MediaStreamProvider_cpp/doorbell-build/CMakeFiles/CMakeTmp

Run Build Command(s):/usr/bin/make cmTC_c122a/fast && /usr/bin/make -f CMakeFiles/cmTC_c122a.dir/build.make CMakeFiles/cmTC_c122a.dir/build
make[1]: Entering directory '/home/jh/workspaces/aws/amazon-kinesis-video-streams-producer-c/MediaStreamProvider_cpp/doorbell-build/CMakeFiles/CMakeTmp'
Building C object CMakeFiles/cmTC_c122a.dir/CMakeCCompilerABI.c.o
/usr/local/linaro-aarch64-2020.09-gcc10.2-linux5.4/bin/aarch64-linux-gnu-gcc  -march=armv8-a -mcpu=cortex-a53+crypto   -v -o CMakeFiles/cmTC_c122a.dir/CMakeCCompilerABI.c.o   -c /usr/share/cmake-3.16/Modules/CMakeCCompilerABI.c
Using built-in specs.
COLLECT_GCC=/usr/local/linaro-aarch64-2020.09-gcc10.2-linux5.4/bin/aarch64-linux-gnu-gcc
Target: aarch64-linux-gnu
Configured with: '/development/abe-toolchain-build/abe.build/ambarella/../../tarballs/gcc.git~_rev_ce3001ff1d734e0763a1a5e434272bf89df1fe06/configure' SHELL=/bin/sh --with-mpc=/development/abe-toolchain-build/abe.build/ambarella/builds/aarch64-2020.09/x86_64-unknown-linux-gnu/for_host --with-mpfr=/development/abe-toolchain-build/abe.build/ambarella/builds/aarch64-2020.09/x86_64-unknown-linux-gnu/for_host --with-gmp=/development/abe-toolchain-build/abe.build/ambarella/builds/aarch64-2020.09/x86_64-unknown-linux-gnu/for_host --with-gnu-as --with-gnu-ld --disable-libmudflap --enable-lto --enable-shared --without-included-gettext --enable-nls --disable-sjlj-exceptions --disable-rpath --enable-gnu-unique-object --enable-linker-build-id --disable-libstdcxx-pch --enable-c99 --enable-clocale=gnu --enable-libstdcxx-debug --enable-long-long --with-cloog=no --with-ppl=no --with-isl=/development/abe-toolchain-build/abe.build/ambarella/builds/aarch64-2020.09/x86_64-unknown-linux-gnu/for_host --disable-multilib --enable-fix-cortex-a53-835769 --enable-fix-cortex-a53-843419 --with-arch=armv8-a --with-cpu=cortex-a53+crypto --enable-threads=posix --enable-multiarch --enable-libstdcxx-time=yes --enable-gnu-indirect-function --with-build-sysroot=/development/abe-toolchain-build/abe.build/ambarella/sysroots/aarch64-linux-gnu --with-sysroot=/development/abe-toolchain-build/abe.build/ambarella/builds/aarch64-2020.09/destdir/x86_64-unknown-linux-gnu/aarch64-linux-gnu/libc --enable-checking=release --disable-bootstrap --enable-languages=c,c++,fortran,lto --with-pic --build=x86_64-unknown-linux-gnu --host=x86_64-unknown-linux-gnu --target=aarch64-linux-gnu --prefix=/development/abe-toolchain-build/abe.build/ambarella/builds/aarch64-2020.09/destdir/x86_64-unknown-linux-gnu
Thread model: posix
Supported LTO compression algorithms: zlib
gcc version 10.2.1 20200907 [ revision ce3001ff1d734e0763a1a5e434272bf89df1fe06] (GCC) 
COLLECT_GCC_OPTIONS='-march=armv8-a' '-mcpu=cortex-a53+crypto' '-v' '-o' 'CMakeFiles/cmTC_c122a.dir/CMakeCCompilerABI.c.o' '-c' '-mlittle-endian' '-mabi=lp64'
 /usr/local/linaro-aarch64-2020.09-gcc10.2-linux5.4/bin/../libexec/gcc/aarch64-linux-gnu/10.2.1/cc1 -quiet -v -imultiarch aarch64-linux-gnu -iprefix /usr/local/linaro-aarch64-2020.09-gcc10.2-linux5.4/bin/../lib/gcc/aarch64-linux-gnu/10.2.1/ -isysroot /usr/local/linaro-aarch64-2020.09-gcc10.2-linux5.4/bin/../aarch64-linux-gnu/libc /usr/share/cmake-3.16/Modules/CMakeCCompilerABI.c -quiet -dumpbase CMakeCCompilerABI.c -march=armv8-a -mcpu=cortex-a53+crypto -mlittle-endian -mabi=lp64 -auxbase-strip CMakeFiles/cmTC_c122a.dir/CMakeCCompilerABI.c.o -version -o /tmp/ccxBF73W.s
GNU C17 (GCC) version 10.2.1 20200907 [ revision ce3001ff1d734e0763a1a5e434272bf89df1fe06] (aarch64-linux-gnu)
	compiled by GNU C version 8.2.1 20180905 (Red Hat 8.2.1-3), GMP version 6.1.2, MPFR version 4.0.2, MPC version 1.1.0, isl version isl-0.22-GMP

GGC heuristics: --param ggc-min-expand=100 --param ggc-min-heapsize=131072
ignoring duplicate directory "/usr/local/linaro-aarch64-2020.09-gcc10.2-linux5.4/bin/../lib/gcc/../../lib/gcc/aarch64-linux-gnu/10.2.1/include"
ignoring nonexistent directory "/usr/local/linaro-aarch64-2020.09-gcc10.2-linux5.4/bin/../aarch64-linux-gnu/libc/usr/local/include/aarch64-linux-gnu"
ignoring nonexistent directory "/usr/local/linaro-aarch64-2020.09-gcc10.2-linux5.4/bin/../aarch64-linux-gnu/libc/usr/local/include"
ignoring duplicate directory "/usr/local/linaro-aarch64-2020.09-gcc10.2-linux5.4/bin/../lib/gcc/../../lib/gcc/aarch64-linux-gnu/10.2.1/include-fixed"
ignoring duplicate directory "/usr/local/linaro-aarch64-2020.09-gcc10.2-linux5.4/bin/../lib/gcc/../../lib/gcc/aarch64-linux-gnu/10.2.1/../../../../aarch64-linux-gnu/include"
ignoring nonexistent directory "/usr/local/linaro-aarch64-2020.09-gcc10.2-linux5.4/bin/../aarch64-linux-gnu/libc/usr/include/aarch64-linux-gnu"
#include "..." search starts here:
#include <...> search starts here:
 /usr/local/linaro-aarch64-2020.09-gcc10.2-linux5.4/bin/../lib/gcc/aarch64-linux-gnu/10.2.1/include
 /usr/local/linaro-aarch64-2020.09-gcc10.2-linux5.4/bin/../lib/gcc/aarch64-linux-gnu/10.2.1/include-fixed
 /usr/local/linaro-aarch64-2020.09-gcc10.2-linux5.4/bin/../lib/gcc/aarch64-linux-gnu/10.2.1/../../../../aarch64-linux-gnu/include
 /usr/local/linaro-aarch64-2020.09-gcc10.2-linux5.4/bin/../aarch64-linux-gnu/libc/usr/include
End of search list.
GNU C17 (GCC) version 10.2.1 20200907 [ revision ce3001ff1d734e0763a1a5e434272bf89df1fe06] (aarch64-linux-gnu)
	compiled by GNU C version 8.2.1 20180905 (Red Hat 8.2.1-3), GMP version 6.1.2, MPFR version 4.0.2, MPC version 1.1.0, isl version isl-0.22-GMP

GGC heuristics: --param ggc-min-expand=100 --param ggc-min-heapsize=131072
Compiler executable checksum: 77ec11c353775ccbe2985edad12cd3ab
COLLECT_GCC_OPTIONS='-march=armv8-a' '-mcpu=cortex-a53+crypto' '-v' '-o' 'CMakeFiles/cmTC_c122a.dir/CMakeCCompilerABI.c.o' '-c' '-mlittle-endian' '-mabi=lp64'
 /usr/local/linaro-aarch64-2020.09-gcc10.2-linux5.4/bin/../lib/gcc/aarch64-linux-gnu/10.2.1/../../../../aarch64-linux-gnu/bin/as -v -EL -march=armv8-a -march=armv8-a+crypto+crc -mabi=lp64 -o CMakeFiles/cmTC_c122a.dir/CMakeCCompilerABI.c.o /tmp/ccxBF73W.s
GNU assembler version 2.35 (aarch64-linux-gnu) using BFD version (Binutils-2.35-20200724) 2.35
COMPILER_PATH=/usr/local/linaro-aarch64-2020.09-gcc10.2-linux5.4/bin/../libexec/gcc/aarch64-linux-gnu/10.2.1/:/usr/local/linaro-aarch64-2020.09-gcc10.2-linux5.4/bin/../libexec/gcc/aarch64-linux-gnu/:/usr/local/linaro-aarch64-2020.09-gcc10.2-linux5.4/bin/../libexec/gcc/:/usr/local/linaro-aarch64-2020.09-gcc10.2-linux5.4/bin/../lib/gcc/aarch64-linux-gnu/10.2.1/../../../../aarch64-linux-gnu/bin/
LIBRARY_PATH=/usr/local/linaro-aarch64-2020.09-gcc10.2-linux5.4/bin/../lib/gcc/aarch64-linux-gnu/10.2.1/:/usr/local/linaro-aarch64-2020.09-gcc10.2-linux5.4/bin/../lib/gcc/aarch64-linux-gnu/:/usr/local/linaro-aarch64-2020.09-gcc10.2-linux5.4/bin/../lib/gcc/:/usr/local/linaro-aarch64-2020.09-gcc10.2-linux5.4/bin/../aarch64-linux-gnu/libc/lib/:/usr/local/linaro-aarch64-2020.09-gcc10.2-linux5.4/bin/../aarch64-linux-gnu/libc/usr/lib/
COLLECT_GCC_OPTIONS='-march=armv8-a' '-mcpu=cortex-a53+crypto' '-v' '-o' 'CMakeFiles/cmTC_c122a.dir/CMakeCCompilerABI.c.o' '-c' '-mlittle-endian' '-mabi=lp64'
Linking C executable cmTC_c122a
/usr/bin/cmake -E cmake_link_script CMakeFiles/cmTC_c122a.dir/link.txt --verbose=1
/usr/local/linaro-aarch64-2020.09-gcc10.2-linux5.4/bin/aarch64-linux-gnu-gcc  -march=armv8-a -mcpu=cortex-a53+crypto     -v CMakeFiles/cmTC_c122a.dir/CMakeCCompilerABI.c.o  -o cmTC_c122a 
Using built-in specs.
COLLECT_GCC=/usr/local/linaro-aarch64-2020.09-gcc10.2-linux5.4/bin/aarch64-linux-gnu-gcc
COLLECT_LTO_WRAPPER=/usr/local/linaro-aarch64-2020.09-gcc10.2-linux5.4/bin/../libexec/gcc/aarch64-linux-gnu/10.2.1/lto-wrapper
Target: aarch64-linux-gnu
Configured with: '/development/abe-toolchain-build/abe.build/ambarella/../../tarballs/gcc.git~_rev_ce3001ff1d734e0763a1a5e434272bf89df1fe06/configure' SHELL=/bin/sh --with-mpc=/development/abe-toolchain-build/abe.build/ambarella/builds/aarch64-2020.09/x86_64-unknown-linux-gnu/for_host --with-mpfr=/development/abe-toolchain-build/abe.build/ambarella/builds/aarch64-2020.09/x86_64-unknown-linux-gnu/for_host --with-gmp=/development/abe-toolchain-build/abe.build/ambarella/builds/aarch64-2020.09/x86_64-unknown-linux-gnu/for_host --with-gnu-as --with-gnu-ld --disable-libmudflap --enable-lto --enable-shared --without-included-gettext --enable-nls --disable-sjlj-exceptions --disable-rpath --enable-gnu-unique-object --enable-linker-build-id --disable-libstdcxx-pch --enable-c99 --enable-clocale=gnu --enable-libstdcxx-debug --enable-long-long --with-cloog=no --with-ppl=no --with-isl=/development/abe-toolchain-build/abe.build/ambarella/builds/aarch64-2020.09/x86_64-unknown-linux-gnu/for_host --disable-multilib --enable-fix-cortex-a53-835769 --enable-fix-cortex-a53-843419 --with-arch=armv8-a --with-cpu=cortex-a53+crypto --enable-threads=posix --enable-multiarch --enable-libstdcxx-time=yes --enable-gnu-indirect-function --with-build-sysroot=/development/abe-toolchain-build/abe.build/ambarella/sysroots/aarch64-linux-gnu --with-sysroot=/development/abe-toolchain-build/abe.build/ambarella/builds/aarch64-2020.09/destdir/x86_64-unknown-linux-gnu/aarch64-linux-gnu/libc --enable-checking=release --disable-bootstrap --enable-languages=c,c++,fortran,lto --with-pic --build=x86_64-unknown-linux-gnu --host=x86_64-unknown-linux-gnu --target=aarch64-linux-gnu --prefix=/development/abe-toolchain-build/abe.build/ambarella/builds/aarch64-2020.09/destdir/x86_64-unknown-linux-gnu
Thread model: posix
Supported LTO compression algorithms: zlib
gcc version 10.2.1 20200907 [ revision ce3001ff1d734e0763a1a5e434272bf89df1fe06] (GCC) 
COMPILER_PATH=/usr/local/linaro-aarch64-2020.09-gcc10.2-linux5.4/bin/../libexec/gcc/aarch64-linux-gnu/10.2.1/:/usr/local/linaro-aarch64-2020.09-gcc10.2-linux5.4/bin/../libexec/gcc/aarch64-linux-gnu/:/usr/local/linaro-aarch64-2020.09-gcc10.2-linux5.4/bin/../libexec/gcc/:/usr/local/linaro-aarch64-2020.09-gcc10.2-linux5.4/bin/../lib/gcc/aarch64-linux-gnu/10.2.1/../../../../aarch64-linux-gnu/bin/
LIBRARY_PATH=/usr/local/linaro-aarch64-2020.09-gcc10.2-linux5.4/bin/../lib/gcc/aarch64-linux-gnu/10.2.1/:/usr/local/linaro-aarch64-2020.09-gcc10.2-linux5.4/bin/../lib/gcc/aarch64-linux-gnu/:/usr/local/linaro-aarch64-2020.09-gcc10.2-linux5.4/bin/../lib/gcc/:/usr/local/linaro-aarch64-2020.09-gcc10.2-linux5.4/bin/../aarch64-linux-gnu/libc/lib/:/usr/local/linaro-aarch64-2020.09-gcc10.2-linux5.4/bin/../aarch64-linux-gnu/libc/usr/lib/
COLLECT_GCC_OPTIONS='-march=armv8-a' '-mcpu=cortex-a53+crypto' '-v' '-o' 'cmTC_c122a' '-mlittle-endian' '-mabi=lp64'
 /usr/local/linaro-aarch64-2020.09-gcc10.2-linux5.4/bin/../libexec/gcc/aarch64-linux-gnu/10.2.1/collect2 -plugin /usr/local/linaro-aarch64-2020.09-gcc10.2-linux5.4/bin/../libexec/gcc/aarch64-linux-gnu/10.2.1/liblto_plugin.so -plugin-opt=/usr/local/linaro-aarch64-2020.09-gcc10.2-linux5.4/bin/../libexec/gcc/aarch64-linux-gnu/10.2.1/lto-wrapper -plugin-opt=-fresolution=/tmp/cc5htZcs.res -plugin-opt=-pass-through=-lgcc -plugin-opt=-pass-through=-lgcc_s -plugin-opt=-pass-through=-lc -plugin-opt=-pass-through=-lgcc -plugin-opt=-pass-through=-lgcc_s --sysroot=/usr/local/linaro-aarch64-2020.09-gcc10.2-linux5.4/bin/../aarch64-linux-gnu/libc --build-id --eh-frame-hdr -dynamic-linker /lib/ld-linux-aarch64.so.1 -X -EL -maarch64linux --fix-cortex-a53-835769 --fix-cortex-a53-843419 -o cmTC_c122a /usr/local/linaro-aarch64-2020.09-gcc10.2-linux5.4/bin/../aarch64-linux-gnu/libc/usr/lib/crt1.o /usr/local/linaro-aarch64-2020.09-gcc10.2-linux5.4/bin/../aarch64-linux-gnu/libc/usr/lib/crti.o /usr/local/linaro-aarch64-2020.09-gcc10.2-linux5.4/bin/../lib/gcc/aarch64-linux-gnu/10.2.1/crtbegin.o -L/usr/local/linaro-aarch64-2020.09-gcc10.2-linux5.4/bin/../lib/gcc/aarch64-linux-gnu/10.2.1 -L/usr/local/linaro-aarch64-2020.09-gcc10.2-linux5.4/bin/../lib/gcc/aarch64-linux-gnu -L/usr/local/linaro-aarch64-2020.09-gcc10.2-linux5.4/bin/../lib/gcc -L/usr/local/linaro-aarch64-2020.09-gcc10.2-linux5.4/bin/../aarch64-linux-gnu/libc/lib -L/usr/local/linaro-aarch64-2020.09-gcc10.2-linux5.4/bin/../aarch64-linux-gnu/libc/usr/lib CMakeFiles/cmTC_c122a.dir/CMakeCCompilerABI.c.o -lgcc --push-state --as-needed -lgcc_s --pop-state -lc -lgcc --push-state --as-needed -lgcc_s --pop-state /usr/local/linaro-aarch64-2020.09-gcc10.2-linux5.4/bin/../lib/gcc/aarch64-linux-gnu/10.2.1/crtend.o /usr/local/linaro-aarch64-2020.09-gcc10.2-linux5.4/bin/../aarch64-linux-gnu/libc/usr/lib/crtn.o
COLLECT_GCC_OPTIONS='-march=armv8-a' '-mcpu=cortex-a53+crypto' '-v' '-o' 'cmTC_c122a' '-mlittle-endian' '-mabi=lp64'
make[1]: Leaving directory '/home/jh/workspaces/aws/amazon-kinesis-video-streams-producer-c/MediaStreamProvider_cpp/doorbell-build/CMakeFiles/CMakeTmp'



Parsed C implicit include dir info from above output: rv=done
  found start of include info
  found start of implicit include info
    add: [/usr/local/linaro-aarch64-2020.09-gcc10.2-linux5.4/bin/../lib/gcc/aarch64-linux-gnu/10.2.1/include]
    add: [/usr/local/linaro-aarch64-2020.09-gcc10.2-linux5.4/bin/../lib/gcc/aarch64-linux-gnu/10.2.1/include-fixed]
    add: [/usr/local/linaro-aarch64-2020.09-gcc10.2-linux5.4/bin/../lib/gcc/aarch64-linux-gnu/10.2.1/../../../../aarch64-linux-gnu/include]
    add: [/usr/local/linaro-aarch64-2020.09-gcc10.2-linux5.4/bin/../aarch64-linux-gnu/libc/usr/include]
  end of search list found
  collapse include dir [/usr/local/linaro-aarch64-2020.09-gcc10.2-linux5.4/bin/../lib/gcc/aarch64-linux-gnu/10.2.1/include] ==> [/usr/local/linaro-aarch64-2020.09-gcc10.2-linux5.4/lib/gcc/aarch64-linux-gnu/10.2.1/include]
  collapse include dir [/usr/local/linaro-aarch64-2020.09-gcc10.2-linux5.4/bin/../lib/gcc/aarch64-linux-gnu/10.2.1/include-fixed] ==> [/usr/local/linaro-aarch64-2020.09-gcc10.2-linux5.4/lib/gcc/aarch64-linux-gnu/10.2.1/include-fixed]
  collapse include dir [/usr/local/linaro-aarch64-2020.09-gcc10.2-linux5.4/bin/../lib/gcc/aarch64-linux-gnu/10.2.1/../../../../aarch64-linux-gnu/include] ==> [/usr/local/linaro-aarch64-2020.09-gcc10.2-linux5.4/aarch64-linux-gnu/include]
  collapse include dir [/usr/local/linaro-aarch64-2020.09-gcc10.2-linux5.4/bin/../aarch64-linux-gnu/libc/usr/include] ==> [/usr/local/linaro-aarch64-2020.09-gcc10.2-linux5.4/aarch64-linux-gnu/libc/usr/include]
  implicit include dirs: [/usr/local/linaro-aarch64-2020.09-gcc10.2-linux5.4/lib/gcc/aarch64-linux-gnu/10.2.1/include;/usr/local/linaro-aarch64-2020.09-gcc10.2-linux5.4/lib/gcc/aarch64-linux-gnu/10.2.1/include-fixed;/usr/local/linaro-aarch64-2020.09-gcc10.2-linux5.4/aarch64-linux-gnu/include;/usr/local/linaro-aarch64-2020.09-gcc10.2-linux5.4/aarch64-linux-gnu/libc/usr/include]


Parsed C implicit link information from above output:
  link line regex: [^( *|.*[/\])(ld|CMAKE_LINK_STARTFILE-NOTFOUND|([^/\]+-)?ld|collect2)[^/\]*( |$)]
  ignore line: [Change Dir: /home/jh/workspaces/aws/amazon-kinesis-video-streams-producer-c/MediaStreamProvider_cpp/doorbell-build/CMakeFiles/CMakeTmp]
  ignore line: []
  ignore line: [Run Build Command(s):/usr/bin/make cmTC_c122a/fast && /usr/bin/make -f CMakeFiles/cmTC_c122a.dir/build.make CMakeFiles/cmTC_c122a.dir/build]
  ignore line: [make[1]: Entering directory '/home/jh/workspaces/aws/amazon-kinesis-video-streams-producer-c/MediaStreamProvider_cpp/doorbell-build/CMakeFiles/CMakeTmp']
  ignore line: [Building C object CMakeFiles/cmTC_c122a.dir/CMakeCCompilerABI.c.o]
  ignore line: [/usr/local/linaro-aarch64-2020.09-gcc10.2-linux5.4/bin/aarch64-linux-gnu-gcc  -march=armv8-a -mcpu=cortex-a53+crypto   -v -o CMakeFiles/cmTC_c122a.dir/CMakeCCompilerABI.c.o   -c /usr/share/cmake-3.16/Modules/CMakeCCompilerABI.c]
  ignore line: [Using built-in specs.]
  ignore line: [COLLECT_GCC=/usr/local/linaro-aarch64-2020.09-gcc10.2-linux5.4/bin/aarch64-linux-gnu-gcc]
  ignore line: [Target: aarch64-linux-gnu]
  ignore line: [Configured with: '/development/abe-toolchain-build/abe.build/ambarella/../../tarballs/gcc.git~_rev_ce3001ff1d734e0763a1a5e434272bf89df1fe06/configure' SHELL=/bin/sh --with-mpc=/development/abe-toolchain-build/abe.build/ambarella/builds/aarch64-2020.09/x86_64-unknown-linux-gnu/for_host --with-mpfr=/development/abe-toolchain-build/abe.build/ambarella/builds/aarch64-2020.09/x86_64-unknown-linux-gnu/for_host --with-gmp=/development/abe-toolchain-build/abe.build/ambarella/builds/aarch64-2020.09/x86_64-unknown-linux-gnu/for_host --with-gnu-as --with-gnu-ld --disable-libmudflap --enable-lto --enable-shared --without-included-gettext --enable-nls --disable-sjlj-exceptions --disable-rpath --enable-gnu-unique-object --enable-linker-build-id --disable-libstdcxx-pch --enable-c99 --enable-clocale=gnu --enable-libstdcxx-debug --enable-long-long --with-cloog=no --with-ppl=no --with-isl=/development/abe-toolchain-build/abe.build/ambarella/builds/aarch64-2020.09/x86_64-unknown-linux-gnu/for_host --disable-multilib --enable-fix-cortex-a53-835769 --enable-fix-cortex-a53-843419 --with-arch=armv8-a --with-cpu=cortex-a53+crypto --enable-threads=posix --enable-multiarch --enable-libstdcxx-time=yes --enable-gnu-indirect-function --with-build-sysroot=/development/abe-toolchain-build/abe.build/ambarella/sysroots/aarch64-linux-gnu --with-sysroot=/development/abe-toolchain-build/abe.build/ambarella/builds/aarch64-2020.09/destdir/x86_64-unknown-linux-gnu/aarch64-linux-gnu/libc --enable-checking=release --disable-bootstrap --enable-languages=c,c++,fortran,lto --with-pic --build=x86_64-unknown-linux-gnu --host=x86_64-unknown-linux-gnu --target=aarch64-linux-gnu --prefix=/development/abe-toolchain-build/abe.build/ambarella/builds/aarch64-2020.09/destdir/x86_64-unknown-linux-gnu]
  ignore line: [Thread model: posix]
  ignore line: [Supported LTO compression algorithms: zlib]
  ignore line: [gcc version 10.2.1 20200907 [ revision ce3001ff1d734e0763a1a5e434272bf89df1fe06] (GCC) ]
  ignore line: [COLLECT_GCC_OPTIONS='-march=armv8-a' '-mcpu=cortex-a53+crypto' '-v' '-o' 'CMakeFiles/cmTC_c122a.dir/CMakeCCompilerABI.c.o' '-c' '-mlittle-endian' '-mabi=lp64']
  ignore line: [ /usr/local/linaro-aarch64-2020.09-gcc10.2-linux5.4/bin/../libexec/gcc/aarch64-linux-gnu/10.2.1/cc1 -quiet -v -imultiarch aarch64-linux-gnu -iprefix /usr/local/linaro-aarch64-2020.09-gcc10.2-linux5.4/bin/../lib/gcc/aarch64-linux-gnu/10.2.1/ -isysroot /usr/local/linaro-aarch64-2020.09-gcc10.2-linux5.4/bin/../aarch64-linux-gnu/libc /usr/share/cmake-3.16/Modules/CMakeCCompilerABI.c -quiet -dumpbase CMakeCCompilerABI.c -march=armv8-a -mcpu=cortex-a53+crypto -mlittle-endian -mabi=lp64 -auxbase-strip CMakeFiles/cmTC_c122a.dir/CMakeCCompilerABI.c.o -version -o /tmp/ccxBF73W.s]
  ignore line: [GNU C17 (GCC) version 10.2.1 20200907 [ revision ce3001ff1d734e0763a1a5e434272bf89df1fe06] (aarch64-linux-gnu)]
  ignore line: [	compiled by GNU C version 8.2.1 20180905 (Red Hat 8.2.1-3)  GMP version 6.1.2  MPFR version 4.0.2  MPC version 1.1.0  isl version isl-0.22-GMP]
  ignore line: []
  ignore line: [GGC heuristics: --param ggc-min-expand=100 --param ggc-min-heapsize=131072]
  ignore line: [ignoring duplicate directory "/usr/local/linaro-aarch64-2020.09-gcc10.2-linux5.4/bin/../lib/gcc/../../lib/gcc/aarch64-linux-gnu/10.2.1/include"]
  ignore line: [ignoring nonexistent directory "/usr/local/linaro-aarch64-2020.09-gcc10.2-linux5.4/bin/../aarch64-linux-gnu/libc/usr/local/include/aarch64-linux-gnu"]
  ignore line: [ignoring nonexistent directory "/usr/local/linaro-aarch64-2020.09-gcc10.2-linux5.4/bin/../aarch64-linux-gnu/libc/usr/local/include"]
  ignore line: [ignoring duplicate directory "/usr/local/linaro-aarch64-2020.09-gcc10.2-linux5.4/bin/../lib/gcc/../../lib/gcc/aarch64-linux-gnu/10.2.1/include-fixed"]
  ignore line: [ignoring duplicate directory "/usr/local/linaro-aarch64-2020.09-gcc10.2-linux5.4/bin/../lib/gcc/../../lib/gcc/aarch64-linux-gnu/10.2.1/../../../../aarch64-linux-gnu/include"]
  ignore line: [ignoring nonexistent directory "/usr/local/linaro-aarch64-2020.09-gcc10.2-linux5.4/bin/../aarch64-linux-gnu/libc/usr/include/aarch64-linux-gnu"]
  ignore line: [#include "..." search starts here:]
  ignore line: [#include <...> search starts here:]
  ignore line: [ /usr/local/linaro-aarch64-2020.09-gcc10.2-linux5.4/bin/../lib/gcc/aarch64-linux-gnu/10.2.1/include]
  ignore line: [ /usr/local/linaro-aarch64-2020.09-gcc10.2-linux5.4/bin/../lib/gcc/aarch64-linux-gnu/10.2.1/include-fixed]
  ignore line: [ /usr/local/linaro-aarch64-2020.09-gcc10.2-linux5.4/bin/../lib/gcc/aarch64-linux-gnu/10.2.1/../../../../aarch64-linux-gnu/include]
  ignore line: [ /usr/local/linaro-aarch64-2020.09-gcc10.2-linux5.4/bin/../aarch64-linux-gnu/libc/usr/include]
  ignore line: [End of search list.]
  ignore line: [GNU C17 (GCC) version 10.2.1 20200907 [ revision ce3001ff1d734e0763a1a5e434272bf89df1fe06] (aarch64-linux-gnu)]
  ignore line: [	compiled by GNU C version 8.2.1 20180905 (Red Hat 8.2.1-3)  GMP version 6.1.2  MPFR version 4.0.2  MPC version 1.1.0  isl version isl-0.22-GMP]
  ignore line: []
  ignore line: [GGC heuristics: --param ggc-min-expand=100 --param ggc-min-heapsize=131072]
  ignore line: [Compiler executable checksum: 77ec11c353775ccbe2985edad12cd3ab]
  ignore line: [COLLECT_GCC_OPTIONS='-march=armv8-a' '-mcpu=cortex-a53+crypto' '-v' '-o' 'CMakeFiles/cmTC_c122a.dir/CMakeCCompilerABI.c.o' '-c' '-mlittle-endian' '-mabi=lp64']
  ignore line: [ /usr/local/linaro-aarch64-2020.09-gcc10.2-linux5.4/bin/../lib/gcc/aarch64-linux-gnu/10.2.1/../../../../aarch64-linux-gnu/bin/as -v -EL -march=armv8-a -march=armv8-a+crypto+crc -mabi=lp64 -o CMakeFiles/cmTC_c122a.dir/CMakeCCompilerABI.c.o /tmp/ccxBF73W.s]
  ignore line: [GNU assembler version 2.35 (aarch64-linux-gnu) using BFD version (Binutils-2.35-20200724) 2.35]
  ignore line: [COMPILER_PATH=/usr/local/linaro-aarch64-2020.09-gcc10.2-linux5.4/bin/../libexec/gcc/aarch64-linux-gnu/10.2.1/:/usr/local/linaro-aarch64-2020.09-gcc10.2-linux5.4/bin/../libexec/gcc/aarch64-linux-gnu/:/usr/local/linaro-aarch64-2020.09-gcc10.2-linux5.4/bin/../libexec/gcc/:/usr/local/linaro-aarch64-2020.09-gcc10.2-linux5.4/bin/../lib/gcc/aarch64-linux-gnu/10.2.1/../../../../aarch64-linux-gnu/bin/]
  ignore line: [LIBRARY_PATH=/usr/local/linaro-aarch64-2020.09-gcc10.2-linux5.4/bin/../lib/gcc/aarch64-linux-gnu/10.2.1/:/usr/local/linaro-aarch64-2020.09-gcc10.2-linux5.4/bin/../lib/gcc/aarch64-linux-gnu/:/usr/local/linaro-aarch64-2020.09-gcc10.2-linux5.4/bin/../lib/gcc/:/usr/local/linaro-aarch64-2020.09-gcc10.2-linux5.4/bin/../aarch64-linux-gnu/libc/lib/:/usr/local/linaro-aarch64-2020.09-gcc10.2-linux5.4/bin/../aarch64-linux-gnu/libc/usr/lib/]
  ignore line: [COLLECT_GCC_OPTIONS='-march=armv8-a' '-mcpu=cortex-a53+crypto' '-v' '-o' 'CMakeFiles/cmTC_c122a.dir/CMakeCCompilerABI.c.o' '-c' '-mlittle-endian' '-mabi=lp64']
  ignore line: [Linking C executable cmTC_c122a]
  ignore line: [/usr/bin/cmake -E cmake_link_script CMakeFiles/cmTC_c122a.dir/link.txt --verbose=1]
  ignore line: [/usr/local/linaro-aarch64-2020.09-gcc10.2-linux5.4/bin/aarch64-linux-gnu-gcc  -march=armv8-a -mcpu=cortex-a53+crypto     -v CMakeFiles/cmTC_c122a.dir/CMakeCCompilerABI.c.o  -o cmTC_c122a ]
  ignore line: [Using built-in specs.]
  ignore line: [COLLECT_GCC=/usr/local/linaro-aarch64-2020.09-gcc10.2-linux5.4/bin/aarch64-linux-gnu-gcc]
  ignore line: [COLLECT_LTO_WRAPPER=/usr/local/linaro-aarch64-2020.09-gcc10.2-linux5.4/bin/../libexec/gcc/aarch64-linux-gnu/10.2.1/lto-wrapper]
  ignore line: [Target: aarch64-linux-gnu]
  ignore line: [Configured with: '/development/abe-toolchain-build/abe.build/ambarella/../../tarballs/gcc.git~_rev_ce3001ff1d734e0763a1a5e434272bf89df1fe06/configure' SHELL=/bin/sh --with-mpc=/development/abe-toolchain-build/abe.build/ambarella/builds/aarch64-2020.09/x86_64-unknown-linux-gnu/for_host --with-mpfr=/development/abe-toolchain-build/abe.build/ambarella/builds/aarch64-2020.09/x86_64-unknown-linux-gnu/for_host --with-gmp=/development/abe-toolchain-build/abe.build/ambarella/builds/aarch64-2020.09/x86_64-unknown-linux-gnu/for_host --with-gnu-as --with-gnu-ld --disable-libmudflap --enable-lto --enable-shared --without-included-gettext --enable-nls --disable-sjlj-exceptions --disable-rpath --enable-gnu-unique-object --enable-linker-build-id --disable-libstdcxx-pch --enable-c99 --enable-clocale=gnu --enable-libstdcxx-debug --enable-long-long --with-cloog=no --with-ppl=no --with-isl=/development/abe-toolchain-build/abe.build/ambarella/builds/aarch64-2020.09/x86_64-unknown-linux-gnu/for_host --disable-multilib --enable-fix-cortex-a53-835769 --enable-fix-cortex-a53-843419 --with-arch=armv8-a --with-cpu=cortex-a53+crypto --enable-threads=posix --enable-multiarch --enable-libstdcxx-time=yes --enable-gnu-indirect-function --with-build-sysroot=/development/abe-toolchain-build/abe.build/ambarella/sysroots/aarch64-linux-gnu --with-sysroot=/development/abe-toolchain-build/abe.build/ambarella/builds/aarch64-2020.09/destdir/x86_64-unknown-linux-gnu/aarch64-linux-gnu/libc --enable-checking=release --disable-bootstrap --enable-languages=c,c++,fortran,lto --with-pic --build=x86_64-unknown-linux-gnu --host=x86_64-unknown-linux-gnu --target=aarch64-linux-gnu --prefix=/development/abe-toolchain-build/abe.build/ambarella/builds/aarch64-2020.09/destdir/x86_64-unknown-linux-gnu]
  ignore line: [Thread model: posix]
  ignore line: [Supported LTO compression algorithms: zlib]
  ignore line: [gcc version 10.2.1 20200907 [ revision ce3001ff1d734e0763a1a5e434272bf89df1fe06] (GCC) ]
  ignore line: [COMPILER_PATH=/usr/local/linaro-aarch64-2020.09-gcc10.2-linux5.4/bin/../libexec/gcc/aarch64-linux-gnu/10.2.1/:/usr/local/linaro-aarch64-2020.09-gcc10.2-linux5.4/bin/../libexec/gcc/aarch64-linux-gnu/:/usr/local/linaro-aarch64-2020.09-gcc10.2-linux5.4/bin/../libexec/gcc/:/usr/local/linaro-aarch64-2020.09-gcc10.2-linux5.4/bin/../lib/gcc/aarch64-linux-gnu/10.2.1/../../../../aarch64-linux-gnu/bin/]
  ignore line: [LIBRARY_PATH=/usr/local/linaro-aarch64-2020.09-gcc10.2-linux5.4/bin/../lib/gcc/aarch64-linux-gnu/10.2.1/:/usr/local/linaro-aarch64-2020.09-gcc10.2-linux5.4/bin/../lib/gcc/aarch64-linux-gnu/:/usr/local/linaro-aarch64-2020.09-gcc10.2-linux5.4/bin/../lib/gcc/:/usr/local/linaro-aarch64-2020.09-gcc10.2-linux5.4/bin/../aarch64-linux-gnu/libc/lib/:/usr/local/linaro-aarch64-2020.09-gcc10.2-linux5.4/bin/../aarch64-linux-gnu/libc/usr/lib/]
  ignore line: [COLLECT_GCC_OPTIONS='-march=armv8-a' '-mcpu=cortex-a53+crypto' '-v' '-o' 'cmTC_c122a' '-mlittle-endian' '-mabi=lp64']
  link line: [ /usr/local/linaro-aarch64-2020.09-gcc10.2-linux5.4/bin/../libexec/gcc/aarch64-linux-gnu/10.2.1/collect2 -plugin /usr/local/linaro-aarch64-2020.09-gcc10.2-linux5.4/bin/../libexec/gcc/aarch64-linux-gnu/10.2.1/liblto_plugin.so -plugin-opt=/usr/local/linaro-aarch64-2020.09-gcc10.2-linux5.4/bin/../libexec/gcc/aarch64-linux-gnu/10.2.1/lto-wrapper -plugin-opt=-fresolution=/tmp/cc5htZcs.res -plugin-opt=-pass-through=-lgcc -plugin-opt=-pass-through=-lgcc_s -plugin-opt=-pass-through=-lc -plugin-opt=-pass-through=-lgcc -plugin-opt=-pass-through=-lgcc_s --sysroot=/usr/local/linaro-aarch64-2020.09-gcc10.2-linux5.4/bin/../aarch64-linux-gnu/libc --build-id --eh-frame-hdr -dynamic-linker /lib/ld-linux-aarch64.so.1 -X -EL -maarch64linux --fix-cortex-a53-835769 --fix-cortex-a53-843419 -o cmTC_c122a /usr/local/linaro-aarch64-2020.09-gcc10.2-linux5.4/bin/../aarch64-linux-gnu/libc/usr/lib/crt1.o /usr/local/linaro-aarch64-2020.09-gcc10.2-linux5.4/bin/../aarch64-linux-gnu/libc/usr/lib/crti.o /usr/local/linaro-aarch64-2020.09-gcc10.2-linux5.4/bin/../lib/gcc/aarch64-linux-gnu/10.2.1/crtbegin.o -L/usr/local/linaro-aarch64-2020.09-gcc10.2-linux5.4/bin/../lib/gcc/aarch64-linux-gnu/10.2.1 -L/usr/local/linaro-aarch64-2020.09-gcc10.2-linux5.4/bin/../lib/gcc/aarch64-linux-gnu -L/usr/local/linaro-aarch64-2020.09-gcc10.2-linux5.4/bin/../lib/gcc -L/usr/local/linaro-aarch64-2020.09-gcc10.2-linux5.4/bin/../aarch64-linux-gnu/libc/lib -L/usr/local/linaro-aarch64-2020.09-gcc10.2-linux5.4/bin/../aarch64-linux-gnu/libc/usr/lib CMakeFiles/cmTC_c122a.dir/CMakeCCompilerABI.c.o -lgcc --push-state --as-needed -lgcc_s --pop-state -lc -lgcc --push-state --as-needed -lgcc_s --pop-state /usr/local/linaro-aarch64-2020.09-gcc10.2-linux5.4/bin/../lib/gcc/aarch64-linux-gnu/10.2.1/crtend.o /usr/local/linaro-aarch64-2020.09-gcc10.2-linux5.4/bin/../aarch64-linux-gnu/libc/usr/lib/crtn.o]
    arg [/usr/local/linaro-aarch64-2020.09-gcc10.2-linux5.4/bin/../libexec/gcc/aarch64-linux-gnu/10.2.1/collect2] ==> ignore
    arg [-plugin] ==> ignore
    arg [/usr/local/linaro-aarch64-2020.09-gcc10.2-linux5.4/bin/../libexec/gcc/aarch64-linux-gnu/10.2.1/liblto_plugin.so] ==> ignore
    arg [-plugin-opt=/usr/local/linaro-aarch64-2020.09-gcc10.2-linux5.4/bin/../libexec/gcc/aarch64-linux-gnu/10.2.1/lto-wrapper] ==> ignore
    arg [-plugin-opt=-fresolution=/tmp/cc5htZcs.res] ==> ignore
    arg [-plugin-opt=-pass-through=-lgcc] ==> ignore
    arg [-plugin-opt=-pass-through=-lgcc_s] ==> ignore
    arg [-plugin-opt=-pass-through=-lc] ==> ignore
    arg [-plugin-opt=-pass-through=-lgcc] ==> ignore
    arg [-plugin-opt=-pass-through=-lgcc_s] ==> ignore
    arg [--sysroot=/usr/local/linaro-aarch64-2020.09-gcc10.2-linux5.4/bin/../aarch64-linux-gnu/libc] ==> ignore
    arg [--build-id] ==> ignore
    arg [--eh-frame-hdr] ==> ignore
    arg [-dynamic-linker] ==> ignore
    arg [/lib/ld-linux-aarch64.so.1] ==> ignore
    arg [-X] ==> ignore
    arg [-EL] ==> ignore
    arg [-maarch64linux] ==> ignore
    arg [--fix-cortex-a53-835769] ==> ignore
    arg [--fix-cortex-a53-843419] ==> ignore
    arg [-o] ==> ignore
    arg [cmTC_c122a] ==> ignore
    arg [/usr/local/linaro-aarch64-2020.09-gcc10.2-linux5.4/bin/../aarch64-linux-gnu/libc/usr/lib/crt1.o] ==> ignore
    arg [/usr/local/linaro-aarch64-2020.09-gcc10.2-linux5.4/bin/../aarch64-linux-gnu/libc/usr/lib/crti.o] ==> ignore
    arg [/usr/local/linaro-aarch64-2020.09-gcc10.2-linux5.4/bin/../lib/gcc/aarch64-linux-gnu/10.2.1/crtbegin.o] ==> ignore
    arg [-L/usr/local/linaro-aarch64-2020.09-gcc10.2-linux5.4/bin/../lib/gcc/aarch64-linux-gnu/10.2.1] ==> dir [/usr/local/linaro-aarch64-2020.09-gcc10.2-linux5.4/bin/../lib/gcc/aarch64-linux-gnu/10.2.1]
    arg [-L/usr/local/linaro-aarch64-2020.09-gcc10.2-linux5.4/bin/../lib/gcc/aarch64-linux-gnu] ==> dir [/usr/local/linaro-aarch64-2020.09-gcc10.2-linux5.4/bin/../lib/gcc/aarch64-linux-gnu]
    arg [-L/usr/local/linaro-aarch64-2020.09-gcc10.2-linux5.4/bin/../lib/gcc] ==> dir [/usr/local/linaro-aarch64-2020.09-gcc10.2-linux5.4/bin/../lib/gcc]
    arg [-L/usr/local/linaro-aarch64-2020.09-gcc10.2-linux5.4/bin/../aarch64-linux-gnu/libc/lib] ==> dir [/usr/local/linaro-aarch64-2020.09-gcc10.2-linux5.4/bin/../aarch64-linux-gnu/libc/lib]
    arg [-L/usr/local/linaro-aarch64-2020.09-gcc10.2-linux5.4/bin/../aarch64-linux-gnu/libc/usr/lib] ==> dir [/usr/local/linaro-aarch64-2020.09-gcc10.2-linux5.4/bin/../aarch64-linux-gnu/libc/usr/lib]
    arg [CMakeFiles/cmTC_c122a.dir/CMakeCCompilerABI.c.o] ==> ignore
    arg [-lgcc] ==> lib [gcc]
    arg [--push-state] ==> ignore
    arg [--as-needed] ==> ignore
    arg [-lgcc_s] ==> lib [gcc_s]
    arg [--pop-state] ==> ignore
    arg [-lc] ==> lib [c]
    arg [-lgcc] ==> lib [gcc]
    arg [--push-state] ==> ignore
    arg [--as-needed] ==> ignore
    arg [-lgcc_s] ==> lib [gcc_s]
    arg [--pop-state] ==> ignore
    arg [/usr/local/linaro-aarch64-2020.09-gcc10.2-linux5.4/bin/../lib/gcc/aarch64-linux-gnu/10.2.1/crtend.o] ==> ignore
    arg [/usr/local/linaro-aarch64-2020.09-gcc10.2-linux5.4/bin/../aarch64-linux-gnu/libc/usr/lib/crtn.o] ==> ignore
  collapse library dir [/usr/local/linaro-aarch64-2020.09-gcc10.2-linux5.4/bin/../lib/gcc/aarch64-linux-gnu/10.2.1] ==> [/usr/local/linaro-aarch64-2020.09-gcc10.2-linux5.4/lib/gcc/aarch64-linux-gnu/10.2.1]
  collapse library dir [/usr/local/linaro-aarch64-2020.09-gcc10.2-linux5.4/bin/../lib/gcc/aarch64-linux-gnu] ==> [/usr/local/linaro-aarch64-2020.09-gcc10.2-linux5.4/lib/gcc/aarch64-linux-gnu]
  collapse library dir [/usr/local/linaro-aarch64-2020.09-gcc10.2-linux5.4/bin/../lib/gcc] ==> [/usr/local/linaro-aarch64-2020.09-gcc10.2-linux5.4/lib/gcc]
  collapse library dir [/usr/local/linaro-aarch64-2020.09-gcc10.2-linux5.4/bin/../aarch64-linux-gnu/libc/lib] ==> [/usr/local/linaro-aarch64-2020.09-gcc10.2-linux5.4/aarch64-linux-gnu/libc/lib]
  collapse library dir [/usr/local/linaro-aarch64-2020.09-gcc10.2-linux5.4/bin/../aarch64-linux-gnu/libc/usr/lib] ==> [/usr/local/linaro-aarch64-2020.09-gcc10.2-linux5.4/aarch64-linux-gnu/libc/usr/lib]
  implicit libs: [gcc;gcc_s;c;gcc;gcc_s]
  implicit dirs: [/usr/local/linaro-aarch64-2020.09-gcc10.2-linux5.4/lib/gcc/aarch64-linux-gnu/10.2.1;/usr/local/linaro-aarch64-2020.09-gcc10.2-linux5.4/lib/gcc/aarch64-linux-gnu;/usr/local/linaro-aarch64-2020.09-gcc10.2-linux5.4/lib/gcc;/usr/local/linaro-aarch64-2020.09-gcc10.2-linux5.4/aarch64-linux-gnu/libc/lib;/usr/local/linaro-aarch64-2020.09-gcc10.2-linux5.4/aarch64-linux-gnu/libc/usr/lib]
  implicit fwks: []


Determining if the CXX compiler works passed with the following output:
Change Dir: /home/jh/workspaces/aws/amazon-kinesis-video-streams-producer-c/MediaStreamProvider_cpp/doorbell-build/CMakeFiles/CMakeTmp

Run Build Command(s):/usr/bin/make cmTC_fed17/fast && /usr/bin/make -f CMakeFiles/cmTC_fed17.dir/build.make CMakeFiles/cmTC_fed17.dir/build
make[1]: Entering directory '/home/jh/workspaces/aws/amazon-kinesis-video-streams-producer-c/MediaStreamProvider_cpp/doorbell-build/CMakeFiles/CMakeTmp'
Building CXX object CMakeFiles/cmTC_fed17.dir/testCXXCompiler.cxx.o
/usr/local/linaro-aarch64-2020.09-gcc10.2-linux5.4/bin/aarch64-linux-gnu-g++     -o CMakeFiles/cmTC_fed17.dir/testCXXCompiler.cxx.o -c /home/jh/workspaces/aws/amazon-kinesis-video-streams-producer-c/MediaStreamProvider_cpp/doorbell-build/CMakeFiles/CMakeTmp/testCXXCompiler.cxx
Linking CXX executable cmTC_fed17
/usr/bin/cmake -E cmake_link_script CMakeFiles/cmTC_fed17.dir/link.txt --verbose=1
/usr/local/linaro-aarch64-2020.09-gcc10.2-linux5.4/bin/aarch64-linux-gnu-g++       CMakeFiles/cmTC_fed17.dir/testCXXCompiler.cxx.o  -o cmTC_fed17 
make[1]: Leaving directory '/home/jh/workspaces/aws/amazon-kinesis-video-streams-producer-c/MediaStreamProvider_cpp/doorbell-build/CMakeFiles/CMakeTmp'



Detecting CXX compiler ABI info compiled with the following output:
Change Dir: /home/jh/workspaces/aws/amazon-kinesis-video-streams-producer-c/MediaStreamProvider_cpp/doorbell-build/CMakeFiles/CMakeTmp

Run Build Command(s):/usr/bin/make cmTC_60f28/fast && /usr/bin/make -f CMakeFiles/cmTC_60f28.dir/build.make CMakeFiles/cmTC_60f28.dir/build
make[1]: Entering directory '/home/jh/workspaces/aws/amazon-kinesis-video-streams-producer-c/MediaStreamProvider_cpp/doorbell-build/CMakeFiles/CMakeTmp'
Building CXX object CMakeFiles/cmTC_60f28.dir/CMakeCXXCompilerABI.cpp.o
/usr/local/linaro-aarch64-2020.09-gcc10.2-linux5.4/bin/aarch64-linux-gnu-g++    -v -o CMakeFiles/cmTC_60f28.dir/CMakeCXXCompilerABI.cpp.o -c /usr/share/cmake-3.16/Modules/CMakeCXXCompilerABI.cpp
Using built-in specs.
COLLECT_GCC=/usr/local/linaro-aarch64-2020.09-gcc10.2-linux5.4/bin/aarch64-linux-gnu-g++
Target: aarch64-linux-gnu
Configured with: '/development/abe-toolchain-build/abe.build/ambarella/../../tarballs/gcc.git~_rev_ce3001ff1d734e0763a1a5e434272bf89df1fe06/configure' SHELL=/bin/sh --with-mpc=/development/abe-toolchain-build/abe.build/ambarella/builds/aarch64-2020.09/x86_64-unknown-linux-gnu/for_host --with-mpfr=/development/abe-toolchain-build/abe.build/ambarella/builds/aarch64-2020.09/x86_64-unknown-linux-gnu/for_host --with-gmp=/development/abe-toolchain-build/abe.build/ambarella/builds/aarch64-2020.09/x86_64-unknown-linux-gnu/for_host --with-gnu-as --with-gnu-ld --disable-libmudflap --enable-lto --enable-shared --without-included-gettext --enable-nls --disable-sjlj-exceptions --disable-rpath --enable-gnu-unique-object --enable-linker-build-id --disable-libstdcxx-pch --enable-c99 --enable-clocale=gnu --enable-libstdcxx-debug --enable-long-long --with-cloog=no --with-ppl=no --with-isl=/development/abe-toolchain-build/abe.build/ambarella/builds/aarch64-2020.09/x86_64-unknown-linux-gnu/for_host --disable-multilib --enable-fix-cortex-a53-835769 --enable-fix-cortex-a53-843419 --with-arch=armv8-a --with-cpu=cortex-a53+crypto --enable-threads=posix --enable-multiarch --enable-libstdcxx-time=yes --enable-gnu-indirect-function --with-build-sysroot=/development/abe-toolchain-build/abe.build/ambarella/sysroots/aarch64-linux-gnu --with-sysroot=/development/abe-toolchain-build/abe.build/ambarella/builds/aarch64-2020.09/destdir/x86_64-unknown-linux-gnu/aarch64-linux-gnu/libc --enable-checking=release --disable-bootstrap --enable-languages=c,c++,fortran,lto --with-pic --build=x86_64-unknown-linux-gnu --host=x86_64-unknown-linux-gnu --target=aarch64-linux-gnu --prefix=/development/abe-toolchain-build/abe.build/ambarella/builds/aarch64-2020.09/destdir/x86_64-unknown-linux-gnu
Thread model: posix
Supported LTO compression algorithms: zlib
gcc version 10.2.1 20200907 [ revision ce3001ff1d734e0763a1a5e434272bf89df1fe06] (GCC) 
COLLECT_GCC_OPTIONS='-v' '-o' 'CMakeFiles/cmTC_60f28.dir/CMakeCXXCompilerABI.cpp.o' '-c' '-shared-libgcc' '-march=armv8-a' '-mlittle-endian' '-mabi=lp64'
 /usr/local/linaro-aarch64-2020.09-gcc10.2-linux5.4/bin/../libexec/gcc/aarch64-linux-gnu/10.2.1/cc1plus -quiet -v -imultiarch aarch64-linux-gnu -iprefix /usr/local/linaro-aarch64-2020.09-gcc10.2-linux5.4/bin/../lib/gcc/aarch64-linux-gnu/10.2.1/ -isysroot /usr/local/linaro-aarch64-2020.09-gcc10.2-linux5.4/bin/../aarch64-linux-gnu/libc -D_GNU_SOURCE /usr/share/cmake-3.16/Modules/CMakeCXXCompilerABI.cpp -quiet -dumpbase CMakeCXXCompilerABI.cpp -march=armv8-a -mlittle-endian -mabi=lp64 -auxbase-strip CMakeFiles/cmTC_60f28.dir/CMakeCXXCompilerABI.cpp.o -version -o /tmp/ccTk4AYW.s
GNU C++14 (GCC) version 10.2.1 20200907 [ revision ce3001ff1d734e0763a1a5e434272bf89df1fe06] (aarch64-linux-gnu)
	compiled by GNU C version 8.2.1 20180905 (Red Hat 8.2.1-3), GMP version 6.1.2, MPFR version 4.0.2, MPC version 1.1.0, isl version isl-0.22-GMP

GGC heuristics: --param ggc-min-expand=100 --param ggc-min-heapsize=131072
ignoring duplicate directory "/usr/local/linaro-aarch64-2020.09-gcc10.2-linux5.4/bin/../lib/gcc/../../lib/gcc/aarch64-linux-gnu/10.2.1/../../../../aarch64-linux-gnu/include/c++/10.2.1"
ignoring duplicate directory "/usr/local/linaro-aarch64-2020.09-gcc10.2-linux5.4/bin/../lib/gcc/../../lib/gcc/aarch64-linux-gnu/10.2.1/../../../../aarch64-linux-gnu/include/c++/10.2.1/aarch64-linux-gnu"
ignoring duplicate directory "/usr/local/linaro-aarch64-2020.09-gcc10.2-linux5.4/bin/../lib/gcc/../../lib/gcc/aarch64-linux-gnu/10.2.1/../../../../aarch64-linux-gnu/include/c++/10.2.1/backward"
ignoring duplicate directory "/usr/local/linaro-aarch64-2020.09-gcc10.2-linux5.4/bin/../lib/gcc/../../lib/gcc/aarch64-linux-gnu/10.2.1/include"
ignoring nonexistent directory "/usr/local/linaro-aarch64-2020.09-gcc10.2-linux5.4/bin/../aarch64-linux-gnu/libc/usr/local/include/aarch64-linux-gnu"
ignoring nonexistent directory "/usr/local/linaro-aarch64-2020.09-gcc10.2-linux5.4/bin/../aarch64-linux-gnu/libc/usr/local/include"
ignoring duplicate directory "/usr/local/linaro-aarch64-2020.09-gcc10.2-linux5.4/bin/../lib/gcc/../../lib/gcc/aarch64-linux-gnu/10.2.1/include-fixed"
ignoring duplicate directory "/usr/local/linaro-aarch64-2020.09-gcc10.2-linux5.4/bin/../lib/gcc/../../lib/gcc/aarch64-linux-gnu/10.2.1/../../../../aarch64-linux-gnu/include"
ignoring nonexistent directory "/usr/local/linaro-aarch64-2020.09-gcc10.2-linux5.4/bin/../aarch64-linux-gnu/libc/usr/include/aarch64-linux-gnu"
#include "..." search starts here:
#include <...> search starts here:
 /usr/local/linaro-aarch64-2020.09-gcc10.2-linux5.4/bin/../lib/gcc/aarch64-linux-gnu/10.2.1/../../../../aarch64-linux-gnu/include/c++/10.2.1
 /usr/local/linaro-aarch64-2020.09-gcc10.2-linux5.4/bin/../lib/gcc/aarch64-linux-gnu/10.2.1/../../../../aarch64-linux-gnu/include/c++/10.2.1/aarch64-linux-gnu
 /usr/local/linaro-aarch64-2020.09-gcc10.2-linux5.4/bin/../lib/gcc/aarch64-linux-gnu/10.2.1/../../../../aarch64-linux-gnu/include/c++/10.2.1/backward
 /usr/local/linaro-aarch64-2020.09-gcc10.2-linux5.4/bin/../lib/gcc/aarch64-linux-gnu/10.2.1/include
 /usr/local/linaro-aarch64-2020.09-gcc10.2-linux5.4/bin/../lib/gcc/aarch64-linux-gnu/10.2.1/include-fixed
 /usr/local/linaro-aarch64-2020.09-gcc10.2-linux5.4/bin/../lib/gcc/aarch64-linux-gnu/10.2.1/../../../../aarch64-linux-gnu/include
 /usr/local/linaro-aarch64-2020.09-gcc10.2-linux5.4/bin/../aarch64-linux-gnu/libc/usr/include
End of search list.
GNU C++14 (GCC) version 10.2.1 20200907 [ revision ce3001ff1d734e0763a1a5e434272bf89df1fe06] (aarch64-linux-gnu)
	compiled by GNU C version 8.2.1 20180905 (Red Hat 8.2.1-3), GMP version 6.1.2, MPFR version 4.0.2, MPC version 1.1.0, isl version isl-0.22-GMP

GGC heuristics: --param ggc-min-expand=100 --param ggc-min-heapsize=131072
Compiler executable checksum: 73d837209c49109b419850f8a0b44933
COLLECT_GCC_OPTIONS='-v' '-o' 'CMakeFiles/cmTC_60f28.dir/CMakeCXXCompilerABI.cpp.o' '-c' '-shared-libgcc' '-march=armv8-a' '-mlittle-endian' '-mabi=lp64'
 /usr/local/linaro-aarch64-2020.09-gcc10.2-linux5.4/bin/../lib/gcc/aarch64-linux-gnu/10.2.1/../../../../aarch64-linux-gnu/bin/as -v -EL -march=armv8-a -mabi=lp64 -o CMakeFiles/cmTC_60f28.dir/CMakeCXXCompilerABI.cpp.o /tmp/ccTk4AYW.s
GNU assembler version 2.35 (aarch64-linux-gnu) using BFD version (Binutils-2.35-20200724) 2.35
COMPILER_PATH=/usr/local/linaro-aarch64-2020.09-gcc10.2-linux5.4/bin/../libexec/gcc/aarch64-linux-gnu/10.2.1/:/usr/local/linaro-aarch64-2020.09-gcc10.2-linux5.4/bin/../libexec/gcc/aarch64-linux-gnu/:/usr/local/linaro-aarch64-2020.09-gcc10.2-linux5.4/bin/../libexec/gcc/:/usr/local/linaro-aarch64-2020.09-gcc10.2-linux5.4/bin/../lib/gcc/aarch64-linux-gnu/10.2.1/../../../../aarch64-linux-gnu/bin/
LIBRARY_PATH=/usr/local/linaro-aarch64-2020.09-gcc10.2-linux5.4/bin/../lib/gcc/aarch64-linux-gnu/10.2.1/:/usr/local/linaro-aarch64-2020.09-gcc10.2-linux5.4/bin/../lib/gcc/aarch64-linux-gnu/:/usr/local/linaro-aarch64-2020.09-gcc10.2-linux5.4/bin/../lib/gcc/:/usr/local/linaro-aarch64-2020.09-gcc10.2-linux5.4/bin/../aarch64-linux-gnu/libc/lib/:/usr/local/linaro-aarch64-2020.09-gcc10.2-linux5.4/bin/../aarch64-linux-gnu/libc/usr/lib/
COLLECT_GCC_OPTIONS='-v' '-o' 'CMakeFiles/cmTC_60f28.dir/CMakeCXXCompilerABI.cpp.o' '-c' '-shared-libgcc' '-march=armv8-a' '-mlittle-endian' '-mabi=lp64'
Linking CXX executable cmTC_60f28
/usr/bin/cmake -E cmake_link_script CMakeFiles/cmTC_60f28.dir/link.txt --verbose=1
/usr/local/linaro-aarch64-2020.09-gcc10.2-linux5.4/bin/aarch64-linux-gnu-g++      -v CMakeFiles/cmTC_60f28.dir/CMakeCXXCompilerABI.cpp.o  -o cmTC_60f28 
Using built-in specs.
COLLECT_GCC=/usr/local/linaro-aarch64-2020.09-gcc10.2-linux5.4/bin/aarch64-linux-gnu-g++
COLLECT_LTO_WRAPPER=/usr/local/linaro-aarch64-2020.09-gcc10.2-linux5.4/bin/../libexec/gcc/aarch64-linux-gnu/10.2.1/lto-wrapper
Target: aarch64-linux-gnu
Configured with: '/development/abe-toolchain-build/abe.build/ambarella/../../tarballs/gcc.git~_rev_ce3001ff1d734e0763a1a5e434272bf89df1fe06/configure' SHELL=/bin/sh --with-mpc=/development/abe-toolchain-build/abe.build/ambarella/builds/aarch64-2020.09/x86_64-unknown-linux-gnu/for_host --with-mpfr=/development/abe-toolchain-build/abe.build/ambarella/builds/aarch64-2020.09/x86_64-unknown-linux-gnu/for_host --with-gmp=/development/abe-toolchain-build/abe.build/ambarella/builds/aarch64-2020.09/x86_64-unknown-linux-gnu/for_host --with-gnu-as --with-gnu-ld --disable-libmudflap --enable-lto --enable-shared --without-included-gettext --enable-nls --disable-sjlj-exceptions --disable-rpath --enable-gnu-unique-object --enable-linker-build-id --disable-libstdcxx-pch --enable-c99 --enable-clocale=gnu --enable-libstdcxx-debug --enable-long-long --with-cloog=no --with-ppl=no --with-isl=/development/abe-toolchain-build/abe.build/ambarella/builds/aarch64-2020.09/x86_64-unknown-linux-gnu/for_host --disable-multilib --enable-fix-cortex-a53-835769 --enable-fix-cortex-a53-843419 --with-arch=armv8-a --with-cpu=cortex-a53+crypto --enable-threads=posix --enable-multiarch --enable-libstdcxx-time=yes --enable-gnu-indirect-function --with-build-sysroot=/development/abe-toolchain-build/abe.build/ambarella/sysroots/aarch64-linux-gnu --with-sysroot=/development/abe-toolchain-build/abe.build/ambarella/builds/aarch64-2020.09/destdir/x86_64-unknown-linux-gnu/aarch64-linux-gnu/libc --enable-checking=release --disable-bootstrap --enable-languages=c,c++,fortran,lto --with-pic --build=x86_64-unknown-linux-gnu --host=x86_64-unknown-linux-gnu --target=aarch64-linux-gnu --prefix=/development/abe-toolchain-build/abe.build/ambarella/builds/aarch64-2020.09/destdir/x86_64-unknown-linux-gnu
Thread model: posix
Supported LTO compression algorithms: zlib
gcc version 10.2.1 20200907 [ revision ce3001ff1d734e0763a1a5e434272bf89df1fe06] (GCC) 
COMPILER_PATH=/usr/local/linaro-aarch64-2020.09-gcc10.2-linux5.4/bin/../libexec/gcc/aarch64-linux-gnu/10.2.1/:/usr/local/linaro-aarch64-2020.09-gcc10.2-linux5.4/bin/../libexec/gcc/aarch64-linux-gnu/:/usr/local/linaro-aarch64-2020.09-gcc10.2-linux5.4/bin/../libexec/gcc/:/usr/local/linaro-aarch64-2020.09-gcc10.2-linux5.4/bin/../lib/gcc/aarch64-linux-gnu/10.2.1/../../../../aarch64-linux-gnu/bin/
LIBRARY_PATH=/usr/local/linaro-aarch64-2020.09-gcc10.2-linux5.4/bin/../lib/gcc/aarch64-linux-gnu/10.2.1/:/usr/local/linaro-aarch64-2020.09-gcc10.2-linux5.4/bin/../lib/gcc/aarch64-linux-gnu/:/usr/local/linaro-aarch64-2020.09-gcc10.2-linux5.4/bin/../lib/gcc/:/usr/local/linaro-aarch64-2020.09-gcc10.2-linux5.4/bin/../aarch64-linux-gnu/libc/lib/:/usr/local/linaro-aarch64-2020.09-gcc10.2-linux5.4/bin/../aarch64-linux-gnu/libc/usr/lib/
COLLECT_GCC_OPTIONS='-v' '-o' 'cmTC_60f28' '-shared-libgcc' '-march=armv8-a' '-mlittle-endian' '-mabi=lp64'
 /usr/local/linaro-aarch64-2020.09-gcc10.2-linux5.4/bin/../libexec/gcc/aarch64-linux-gnu/10.2.1/collect2 -plugin /usr/local/linaro-aarch64-2020.09-gcc10.2-linux5.4/bin/../libexec/gcc/aarch64-linux-gnu/10.2.1/liblto_plugin.so -plugin-opt=/usr/local/linaro-aarch64-2020.09-gcc10.2-linux5.4/bin/../libexec/gcc/aarch64-linux-gnu/10.2.1/lto-wrapper -plugin-opt=-fresolution=/tmp/ccl30vDn.res -plugin-opt=-pass-through=-lgcc_s -plugin-opt=-pass-through=-lgcc -plugin-opt=-pass-through=-lc -plugin-opt=-pass-through=-lgcc_s -plugin-opt=-pass-through=-lgcc --sysroot=/usr/local/linaro-aarch64-2020.09-gcc10.2-linux5.4/bin/../aarch64-linux-gnu/libc --build-id --eh-frame-hdr -dynamic-linker /lib/ld-linux-aarch64.so.1 -X -EL -maarch64linux --fix-cortex-a53-835769 --fix-cortex-a53-843419 -o cmTC_60f28 /usr/local/linaro-aarch64-2020.09-gcc10.2-linux5.4/bin/../aarch64-linux-gnu/libc/usr/lib/crt1.o /usr/local/linaro-aarch64-2020.09-gcc10.2-linux5.4/bin/../aarch64-linux-gnu/libc/usr/lib/crti.o /usr/local/linaro-aarch64-2020.09-gcc10.2-linux5.4/bin/../lib/gcc/aarch64-linux-gnu/10.2.1/crtbegin.o -L/usr/local/linaro-aarch64-2020.09-gcc10.2-linux5.4/bin/../lib/gcc/aarch64-linux-gnu/10.2.1 -L/usr/local/linaro-aarch64-2020.09-gcc10.2-linux5.4/bin/../lib/gcc/aarch64-linux-gnu -L/usr/local/linaro-aarch64-2020.09-gcc10.2-linux5.4/bin/../lib/gcc -L/usr/local/linaro-aarch64-2020.09-gcc10.2-linux5.4/bin/../aarch64-linux-gnu/libc/lib -L/usr/local/linaro-aarch64-2020.09-gcc10.2-linux5.4/bin/../aarch64-linux-gnu/libc/usr/lib CMakeFiles/cmTC_60f28.dir/CMakeCXXCompilerABI.cpp.o -lstdc++ -lm -lgcc_s -lgcc -lc -lgcc_s -lgcc /usr/local/linaro-aarch64-2020.09-gcc10.2-linux5.4/bin/../lib/gcc/aarch64-linux-gnu/10.2.1/crtend.o /usr/local/linaro-aarch64-2020.09-gcc10.2-linux5.4/bin/../aarch64-linux-gnu/libc/usr/lib/crtn.o
COLLECT_GCC_OPTIONS='-v' '-o' 'cmTC_60f28' '-shared-libgcc' '-march=armv8-a' '-mlittle-endian' '-mabi=lp64'
make[1]: Leaving directory '/home/jh/workspaces/aws/amazon-kinesis-video-streams-producer-c/MediaStreamProvider_cpp/doorbell-build/CMakeFiles/CMakeTmp'



Parsed CXX implicit include dir info from above output: rv=done
  found start of include info
  found start of implicit include info
    add: [/usr/local/linaro-aarch64-2020.09-gcc10.2-linux5.4/bin/../lib/gcc/aarch64-linux-gnu/10.2.1/../../../../aarch64-linux-gnu/include/c++/10.2.1]
    add: [/usr/local/linaro-aarch64-2020.09-gcc10.2-linux5.4/bin/../lib/gcc/aarch64-linux-gnu/10.2.1/../../../../aarch64-linux-gnu/include/c++/10.2.1/aarch64-linux-gnu]
    add: [/usr/local/linaro-aarch64-2020.09-gcc10.2-linux5.4/bin/../lib/gcc/aarch64-linux-gnu/10.2.1/../../../../aarch64-linux-gnu/include/c++/10.2.1/backward]
    add: [/usr/local/linaro-aarch64-2020.09-gcc10.2-linux5.4/bin/../lib/gcc/aarch64-linux-gnu/10.2.1/include]
    add: [/usr/local/linaro-aarch64-2020.09-gcc10.2-linux5.4/bin/../lib/gcc/aarch64-linux-gnu/10.2.1/include-fixed]
    add: [/usr/local/linaro-aarch64-2020.09-gcc10.2-linux5.4/bin/../lib/gcc/aarch64-linux-gnu/10.2.1/../../../../aarch64-linux-gnu/include]
    add: [/usr/local/linaro-aarch64-2020.09-gcc10.2-linux5.4/bin/../aarch64-linux-gnu/libc/usr/include]
  end of search list found
  collapse include dir [/usr/local/linaro-aarch64-2020.09-gcc10.2-linux5.4/bin/../lib/gcc/aarch64-linux-gnu/10.2.1/../../../../aarch64-linux-gnu/include/c++/10.2.1] ==> [/usr/local/linaro-aarch64-2020.09-gcc10.2-linux5.4/aarch64-linux-gnu/include/c++/10.2.1]
  collapse include dir [/usr/local/linaro-aarch64-2020.09-gcc10.2-linux5.4/bin/../lib/gcc/aarch64-linux-gnu/10.2.1/../../../../aarch64-linux-gnu/include/c++/10.2.1/aarch64-linux-gnu] ==> [/usr/local/linaro-aarch64-2020.09-gcc10.2-linux5.4/aarch64-linux-gnu/include/c++/10.2.1/aarch64-linux-gnu]
  collapse include dir [/usr/local/linaro-aarch64-2020.09-gcc10.2-linux5.4/bin/../lib/gcc/aarch64-linux-gnu/10.2.1/../../../../aarch64-linux-gnu/include/c++/10.2.1/backward] ==> [/usr/local/linaro-aarch64-2020.09-gcc10.2-linux5.4/aarch64-linux-gnu/include/c++/10.2.1/backward]
  collapse include dir [/usr/local/linaro-aarch64-2020.09-gcc10.2-linux5.4/bin/../lib/gcc/aarch64-linux-gnu/10.2.1/include] ==> [/usr/local/linaro-aarch64-2020.09-gcc10.2-linux5.4/lib/gcc/aarch64-linux-gnu/10.2.1/include]
  collapse include dir [/usr/local/linaro-aarch64-2020.09-gcc10.2-linux5.4/bin/../lib/gcc/aarch64-linux-gnu/10.2.1/include-fixed] ==> [/usr/local/linaro-aarch64-2020.09-gcc10.2-linux5.4/lib/gcc/aarch64-linux-gnu/10.2.1/include-fixed]
  collapse include dir [/usr/local/linaro-aarch64-2020.09-gcc10.2-linux5.4/bin/../lib/gcc/aarch64-linux-gnu/10.2.1/../../../../aarch64-linux-gnu/include] ==> [/usr/local/linaro-aarch64-2020.09-gcc10.2-linux5.4/aarch64-linux-gnu/include]
  collapse include dir [/usr/local/linaro-aarch64-2020.09-gcc10.2-linux5.4/bin/../aarch64-linux-gnu/libc/usr/include] ==> [/usr/local/linaro-aarch64-2020.09-gcc10.2-linux5.4/aarch64-linux-gnu/libc/usr/include]
  implicit include dirs: [/usr/local/linaro-aarch64-2020.09-gcc10.2-linux5.4/aarch64-linux-gnu/include/c++/10.2.1;/usr/local/linaro-aarch64-2020.09-gcc10.2-linux5.4/aarch64-linux-gnu/include/c++/10.2.1/aarch64-linux-gnu;/usr/local/linaro-aarch64-2020.09-gcc10.2-linux5.4/aarch64-linux-gnu/include/c++/10.2.1/backward;/usr/local/linaro-aarch64-2020.09-gcc10.2-linux5.4/lib/gcc/aarch64-linux-gnu/10.2.1/include;/usr/local/linaro-aarch64-2020.09-gcc10.2-linux5.4/lib/gcc/aarch64-linux-gnu/10.2.1/include-fixed;/usr/local/linaro-aarch64-2020.09-gcc10.2-linux5.4/aarch64-linux-gnu/include;/usr/local/linaro-aarch64-2020.09-gcc10.2-linux5.4/aarch64-linux-gnu/libc/usr/include]


Parsed CXX implicit link information from above output:
  link line regex: [^( *|.*[/\])(ld|CMAKE_LINK_STARTFILE-NOTFOUND|([^/\]+-)?ld|collect2)[^/\]*( |$)]
  ignore line: [Change Dir: /home/jh/workspaces/aws/amazon-kinesis-video-streams-producer-c/MediaStreamProvider_cpp/doorbell-build/CMakeFiles/CMakeTmp]
  ignore line: []
  ignore line: [Run Build Command(s):/usr/bin/make cmTC_60f28/fast && /usr/bin/make -f CMakeFiles/cmTC_60f28.dir/build.make CMakeFiles/cmTC_60f28.dir/build]
  ignore line: [make[1]: Entering directory '/home/jh/workspaces/aws/amazon-kinesis-video-streams-producer-c/MediaStreamProvider_cpp/doorbell-build/CMakeFiles/CMakeTmp']
  ignore line: [Building CXX object CMakeFiles/cmTC_60f28.dir/CMakeCXXCompilerABI.cpp.o]
  ignore line: [/usr/local/linaro-aarch64-2020.09-gcc10.2-linux5.4/bin/aarch64-linux-gnu-g++    -v -o CMakeFiles/cmTC_60f28.dir/CMakeCXXCompilerABI.cpp.o -c /usr/share/cmake-3.16/Modules/CMakeCXXCompilerABI.cpp]
  ignore line: [Using built-in specs.]
  ignore line: [COLLECT_GCC=/usr/local/linaro-aarch64-2020.09-gcc10.2-linux5.4/bin/aarch64-linux-gnu-g++]
  ignore line: [Target: aarch64-linux-gnu]
  ignore line: [Configured with: '/development/abe-toolchain-build/abe.build/ambarella/../../tarballs/gcc.git~_rev_ce3001ff1d734e0763a1a5e434272bf89df1fe06/configure' SHELL=/bin/sh --with-mpc=/development/abe-toolchain-build/abe.build/ambarella/builds/aarch64-2020.09/x86_64-unknown-linux-gnu/for_host --with-mpfr=/development/abe-toolchain-build/abe.build/ambarella/builds/aarch64-2020.09/x86_64-unknown-linux-gnu/for_host --with-gmp=/development/abe-toolchain-build/abe.build/ambarella/builds/aarch64-2020.09/x86_64-unknown-linux-gnu/for_host --with-gnu-as --with-gnu-ld --disable-libmudflap --enable-lto --enable-shared --without-included-gettext --enable-nls --disable-sjlj-exceptions --disable-rpath --enable-gnu-unique-object --enable-linker-build-id --disable-libstdcxx-pch --enable-c99 --enable-clocale=gnu --enable-libstdcxx-debug --enable-long-long --with-cloog=no --with-ppl=no --with-isl=/development/abe-toolchain-build/abe.build/ambarella/builds/aarch64-2020.09/x86_64-unknown-linux-gnu/for_host --disable-multilib --enable-fix-cortex-a53-835769 --enable-fix-cortex-a53-843419 --with-arch=armv8-a --with-cpu=cortex-a53+crypto --enable-threads=posix --enable-multiarch --enable-libstdcxx-time=yes --enable-gnu-indirect-function --with-build-sysroot=/development/abe-toolchain-build/abe.build/ambarella/sysroots/aarch64-linux-gnu --with-sysroot=/development/abe-toolchain-build/abe.build/ambarella/builds/aarch64-2020.09/destdir/x86_64-unknown-linux-gnu/aarch64-linux-gnu/libc --enable-checking=release --disable-bootstrap --enable-languages=c,c++,fortran,lto --with-pic --build=x86_64-unknown-linux-gnu --host=x86_64-unknown-linux-gnu --target=aarch64-linux-gnu --prefix=/development/abe-toolchain-build/abe.build/ambarella/builds/aarch64-2020.09/destdir/x86_64-unknown-linux-gnu]
  ignore line: [Thread model: posix]
  ignore line: [Supported LTO compression algorithms: zlib]
  ignore line: [gcc version 10.2.1 20200907 [ revision ce3001ff1d734e0763a1a5e434272bf89df1fe06] (GCC) ]
  ignore line: [COLLECT_GCC_OPTIONS='-v' '-o' 'CMakeFiles/cmTC_60f28.dir/CMakeCXXCompilerABI.cpp.o' '-c' '-shared-libgcc' '-march=armv8-a' '-mlittle-endian' '-mabi=lp64']
  ignore line: [ /usr/local/linaro-aarch64-2020.09-gcc10.2-linux5.4/bin/../libexec/gcc/aarch64-linux-gnu/10.2.1/cc1plus -quiet -v -imultiarch aarch64-linux-gnu -iprefix /usr/local/linaro-aarch64-2020.09-gcc10.2-linux5.4/bin/../lib/gcc/aarch64-linux-gnu/10.2.1/ -isysroot /usr/local/linaro-aarch64-2020.09-gcc10.2-linux5.4/bin/../aarch64-linux-gnu/libc -D_GNU_SOURCE /usr/share/cmake-3.16/Modules/CMakeCXXCompilerABI.cpp -quiet -dumpbase CMakeCXXCompilerABI.cpp -march=armv8-a -mlittle-endian -mabi=lp64 -auxbase-strip CMakeFiles/cmTC_60f28.dir/CMakeCXXCompilerABI.cpp.o -version -o /tmp/ccTk4AYW.s]
  ignore line: [GNU C++14 (GCC) version 10.2.1 20200907 [ revision ce3001ff1d734e0763a1a5e434272bf89df1fe06] (aarch64-linux-gnu)]
  ignore line: [	compiled by GNU C version 8.2.1 20180905 (Red Hat 8.2.1-3)  GMP version 6.1.2  MPFR version 4.0.2  MPC version 1.1.0  isl version isl-0.22-GMP]
  ignore line: []
  ignore line: [GGC heuristics: --param ggc-min-expand=100 --param ggc-min-heapsize=131072]
  ignore line: [ignoring duplicate directory "/usr/local/linaro-aarch64-2020.09-gcc10.2-linux5.4/bin/../lib/gcc/../../lib/gcc/aarch64-linux-gnu/10.2.1/../../../../aarch64-linux-gnu/include/c++/10.2.1"]
  ignore line: [ignoring duplicate directory "/usr/local/linaro-aarch64-2020.09-gcc10.2-linux5.4/bin/../lib/gcc/../../lib/gcc/aarch64-linux-gnu/10.2.1/../../../../aarch64-linux-gnu/include/c++/10.2.1/aarch64-linux-gnu"]
  ignore line: [ignoring duplicate directory "/usr/local/linaro-aarch64-2020.09-gcc10.2-linux5.4/bin/../lib/gcc/../../lib/gcc/aarch64-linux-gnu/10.2.1/../../../../aarch64-linux-gnu/include/c++/10.2.1/backward"]
  ignore line: [ignoring duplicate directory "/usr/local/linaro-aarch64-2020.09-gcc10.2-linux5.4/bin/../lib/gcc/../../lib/gcc/aarch64-linux-gnu/10.2.1/include"]
  ignore line: [ignoring nonexistent directory "/usr/local/linaro-aarch64-2020.09-gcc10.2-linux5.4/bin/../aarch64-linux-gnu/libc/usr/local/include/aarch64-linux-gnu"]
  ignore line: [ignoring nonexistent directory "/usr/local/linaro-aarch64-2020.09-gcc10.2-linux5.4/bin/../aarch64-linux-gnu/libc/usr/local/include"]
  ignore line: [ignoring duplicate directory "/usr/local/linaro-aarch64-2020.09-gcc10.2-linux5.4/bin/../lib/gcc/../../lib/gcc/aarch64-linux-gnu/10.2.1/include-fixed"]
  ignore line: [ignoring duplicate directory "/usr/local/linaro-aarch64-2020.09-gcc10.2-linux5.4/bin/../lib/gcc/../../lib/gcc/aarch64-linux-gnu/10.2.1/../../../../aarch64-linux-gnu/include"]
  ignore line: [ignoring nonexistent directory "/usr/local/linaro-aarch64-2020.09-gcc10.2-linux5.4/bin/../aarch64-linux-gnu/libc/usr/include/aarch64-linux-gnu"]
  ignore line: [#include "..." search starts here:]
  ignore line: [#include <...> search starts here:]
  ignore line: [ /usr/local/linaro-aarch64-2020.09-gcc10.2-linux5.4/bin/../lib/gcc/aarch64-linux-gnu/10.2.1/../../../../aarch64-linux-gnu/include/c++/10.2.1]
  ignore line: [ /usr/local/linaro-aarch64-2020.09-gcc10.2-linux5.4/bin/../lib/gcc/aarch64-linux-gnu/10.2.1/../../../../aarch64-linux-gnu/include/c++/10.2.1/aarch64-linux-gnu]
  ignore line: [ /usr/local/linaro-aarch64-2020.09-gcc10.2-linux5.4/bin/../lib/gcc/aarch64-linux-gnu/10.2.1/../../../../aarch64-linux-gnu/include/c++/10.2.1/backward]
  ignore line: [ /usr/local/linaro-aarch64-2020.09-gcc10.2-linux5.4/bin/../lib/gcc/aarch64-linux-gnu/10.2.1/include]
  ignore line: [ /usr/local/linaro-aarch64-2020.09-gcc10.2-linux5.4/bin/../lib/gcc/aarch64-linux-gnu/10.2.1/include-fixed]
  ignore line: [ /usr/local/linaro-aarch64-2020.09-gcc10.2-linux5.4/bin/../lib/gcc/aarch64-linux-gnu/10.2.1/../../../../aarch64-linux-gnu/include]
  ignore line: [ /usr/local/linaro-aarch64-2020.09-gcc10.2-linux5.4/bin/../aarch64-linux-gnu/libc/usr/include]
  ignore line: [End of search list.]
  ignore line: [GNU C++14 (GCC) version 10.2.1 20200907 [ revision ce3001ff1d734e0763a1a5e434272bf89df1fe06] (aarch64-linux-gnu)]
  ignore line: [	compiled by GNU C version 8.2.1 20180905 (Red Hat 8.2.1-3)  GMP version 6.1.2  MPFR version 4.0.2  MPC version 1.1.0  isl version isl-0.22-GMP]
  ignore line: []
  ignore line: [GGC heuristics: --param ggc-min-expand=100 --param ggc-min-heapsize=131072]
  ignore line: [Compiler executable checksum: 73d837209c49109b419850f8a0b44933]
  ignore line: [COLLECT_GCC_OPTIONS='-v' '-o' 'CMakeFiles/cmTC_60f28.dir/CMakeCXXCompilerABI.cpp.o' '-c' '-shared-libgcc' '-march=armv8-a' '-mlittle-endian' '-mabi=lp64']
  ignore line: [ /usr/local/linaro-aarch64-2020.09-gcc10.2-linux5.4/bin/../lib/gcc/aarch64-linux-gnu/10.2.1/../../../../aarch64-linux-gnu/bin/as -v -EL -march=armv8-a -mabi=lp64 -o CMakeFiles/cmTC_60f28.dir/CMakeCXXCompilerABI.cpp.o /tmp/ccTk4AYW.s]
  ignore line: [GNU assembler version 2.35 (aarch64-linux-gnu) using BFD version (Binutils-2.35-20200724) 2.35]
  ignore line: [COMPILER_PATH=/usr/local/linaro-aarch64-2020.09-gcc10.2-linux5.4/bin/../libexec/gcc/aarch64-linux-gnu/10.2.1/:/usr/local/linaro-aarch64-2020.09-gcc10.2-linux5.4/bin/../libexec/gcc/aarch64-linux-gnu/:/usr/local/linaro-aarch64-2020.09-gcc10.2-linux5.4/bin/../libexec/gcc/:/usr/local/linaro-aarch64-2020.09-gcc10.2-linux5.4/bin/../lib/gcc/aarch64-linux-gnu/10.2.1/../../../../aarch64-linux-gnu/bin/]
  ignore line: [LIBRARY_PATH=/usr/local/linaro-aarch64-2020.09-gcc10.2-linux5.4/bin/../lib/gcc/aarch64-linux-gnu/10.2.1/:/usr/local/linaro-aarch64-2020.09-gcc10.2-linux5.4/bin/../lib/gcc/aarch64-linux-gnu/:/usr/local/linaro-aarch64-2020.09-gcc10.2-linux5.4/bin/../lib/gcc/:/usr/local/linaro-aarch64-2020.09-gcc10.2-linux5.4/bin/../aarch64-linux-gnu/libc/lib/:/usr/local/linaro-aarch64-2020.09-gcc10.2-linux5.4/bin/../aarch64-linux-gnu/libc/usr/lib/]
  ignore line: [COLLECT_GCC_OPTIONS='-v' '-o' 'CMakeFiles/cmTC_60f28.dir/CMakeCXXCompilerABI.cpp.o' '-c' '-shared-libgcc' '-march=armv8-a' '-mlittle-endian' '-mabi=lp64']
  ignore line: [Linking CXX executable cmTC_60f28]
  ignore line: [/usr/bin/cmake -E cmake_link_script CMakeFiles/cmTC_60f28.dir/link.txt --verbose=1]
  ignore line: [/usr/local/linaro-aarch64-2020.09-gcc10.2-linux5.4/bin/aarch64-linux-gnu-g++      -v CMakeFiles/cmTC_60f28.dir/CMakeCXXCompilerABI.cpp.o  -o cmTC_60f28 ]
  ignore line: [Using built-in specs.]
  ignore line: [COLLECT_GCC=/usr/local/linaro-aarch64-2020.09-gcc10.2-linux5.4/bin/aarch64-linux-gnu-g++]
  ignore line: [COLLECT_LTO_WRAPPER=/usr/local/linaro-aarch64-2020.09-gcc10.2-linux5.4/bin/../libexec/gcc/aarch64-linux-gnu/10.2.1/lto-wrapper]
  ignore line: [Target: aarch64-linux-gnu]
  ignore line: [Configured with: '/development/abe-toolchain-build/abe.build/ambarella/../../tarballs/gcc.git~_rev_ce3001ff1d734e0763a1a5e434272bf89df1fe06/configure' SHELL=/bin/sh --with-mpc=/development/abe-toolchain-build/abe.build/ambarella/builds/aarch64-2020.09/x86_64-unknown-linux-gnu/for_host --with-mpfr=/development/abe-toolchain-build/abe.build/ambarella/builds/aarch64-2020.09/x86_64-unknown-linux-gnu/for_host --with-gmp=/development/abe-toolchain-build/abe.build/ambarella/builds/aarch64-2020.09/x86_64-unknown-linux-gnu/for_host --with-gnu-as --with-gnu-ld --disable-libmudflap --enable-lto --enable-shared --without-included-gettext --enable-nls --disable-sjlj-exceptions --disable-rpath --enable-gnu-unique-object --enable-linker-build-id --disable-libstdcxx-pch --enable-c99 --enable-clocale=gnu --enable-libstdcxx-debug --enable-long-long --with-cloog=no --with-ppl=no --with-isl=/development/abe-toolchain-build/abe.build/ambarella/builds/aarch64-2020.09/x86_64-unknown-linux-gnu/for_host --disable-multilib --enable-fix-cortex-a53-835769 --enable-fix-cortex-a53-843419 --with-arch=armv8-a --with-cpu=cortex-a53+crypto --enable-threads=posix --enable-multiarch --enable-libstdcxx-time=yes --enable-gnu-indirect-function --with-build-sysroot=/development/abe-toolchain-build/abe.build/ambarella/sysroots/aarch64-linux-gnu --with-sysroot=/development/abe-toolchain-build/abe.build/ambarella/builds/aarch64-2020.09/destdir/x86_64-unknown-linux-gnu/aarch64-linux-gnu/libc --enable-checking=release --disable-bootstrap --enable-languages=c,c++,fortran,lto --with-pic --build=x86_64-unknown-linux-gnu --host=x86_64-unknown-linux-gnu --target=aarch64-linux-gnu --prefix=/development/abe-toolchain-build/abe.build/ambarella/builds/aarch64-2020.09/destdir/x86_64-unknown-linux-gnu]
  ignore line: [Thread model: posix]
  ignore line: [Supported LTO compression algorithms: zlib]
  ignore line: [gcc version 10.2.1 20200907 [ revision ce3001ff1d734e0763a1a5e434272bf89df1fe06] (GCC) ]
  ignore line: [COMPILER_PATH=/usr/local/linaro-aarch64-2020.09-gcc10.2-linux5.4/bin/../libexec/gcc/aarch64-linux-gnu/10.2.1/:/usr/local/linaro-aarch64-2020.09-gcc10.2-linux5.4/bin/../libexec/gcc/aarch64-linux-gnu/:/usr/local/linaro-aarch64-2020.09-gcc10.2-linux5.4/bin/../libexec/gcc/:/usr/local/linaro-aarch64-2020.09-gcc10.2-linux5.4/bin/../lib/gcc/aarch64-linux-gnu/10.2.1/../../../../aarch64-linux-gnu/bin/]
  ignore line: [LIBRARY_PATH=/usr/local/linaro-aarch64-2020.09-gcc10.2-linux5.4/bin/../lib/gcc/aarch64-linux-gnu/10.2.1/:/usr/local/linaro-aarch64-2020.09-gcc10.2-linux5.4/bin/../lib/gcc/aarch64-linux-gnu/:/usr/local/linaro-aarch64-2020.09-gcc10.2-linux5.4/bin/../lib/gcc/:/usr/local/linaro-aarch64-2020.09-gcc10.2-linux5.4/bin/../aarch64-linux-gnu/libc/lib/:/usr/local/linaro-aarch64-2020.09-gcc10.2-linux5.4/bin/../aarch64-linux-gnu/libc/usr/lib/]
  ignore line: [COLLECT_GCC_OPTIONS='-v' '-o' 'cmTC_60f28' '-shared-libgcc' '-march=armv8-a' '-mlittle-endian' '-mabi=lp64']
  link line: [ /usr/local/linaro-aarch64-2020.09-gcc10.2-linux5.4/bin/../libexec/gcc/aarch64-linux-gnu/10.2.1/collect2 -plugin /usr/local/linaro-aarch64-2020.09-gcc10.2-linux5.4/bin/../libexec/gcc/aarch64-linux-gnu/10.2.1/liblto_plugin.so -plugin-opt=/usr/local/linaro-aarch64-2020.09-gcc10.2-linux5.4/bin/../libexec/gcc/aarch64-linux-gnu/10.2.1/lto-wrapper -plugin-opt=-fresolution=/tmp/ccl30vDn.res -plugin-opt=-pass-through=-lgcc_s -plugin-opt=-pass-through=-lgcc -plugin-opt=-pass-through=-lc -plugin-opt=-pass-through=-lgcc_s -plugin-opt=-pass-through=-lgcc --sysroot=/usr/local/linaro-aarch64-2020.09-gcc10.2-linux5.4/bin/../aarch64-linux-gnu/libc --build-id --eh-frame-hdr -dynamic-linker /lib/ld-linux-aarch64.so.1 -X -EL -maarch64linux --fix-cortex-a53-835769 --fix-cortex-a53-843419 -o cmTC_60f28 /usr/local/linaro-aarch64-2020.09-gcc10.2-linux5.4/bin/../aarch64-linux-gnu/libc/usr/lib/crt1.o /usr/local/linaro-aarch64-2020.09-gcc10.2-linux5.4/bin/../aarch64-linux-gnu/libc/usr/lib/crti.o /usr/local/linaro-aarch64-2020.09-gcc10.2-linux5.4/bin/../lib/gcc/aarch64-linux-gnu/10.2.1/crtbegin.o -L/usr/local/linaro-aarch64-2020.09-gcc10.2-linux5.4/bin/../lib/gcc/aarch64-linux-gnu/10.2.1 -L/usr/local/linaro-aarch64-2020.09-gcc10.2-linux5.4/bin/../lib/gcc/aarch64-linux-gnu -L/usr/local/linaro-aarch64-2020.09-gcc10.2-linux5.4/bin/../lib/gcc -L/usr/local/linaro-aarch64-2020.09-gcc10.2-linux5.4/bin/../aarch64-linux-gnu/libc/lib -L/usr/local/linaro-aarch64-2020.09-gcc10.2-linux5.4/bin/../aarch64-linux-gnu/libc/usr/lib CMakeFiles/cmTC_60f28.dir/CMakeCXXCompilerABI.cpp.o -lstdc++ -lm -lgcc_s -lgcc -lc -lgcc_s -lgcc /usr/local/linaro-aarch64-2020.09-gcc10.2-linux5.4/bin/../lib/gcc/aarch64-linux-gnu/10.2.1/crtend.o /usr/local/linaro-aarch64-2020.09-gcc10.2-linux5.4/bin/../aarch64-linux-gnu/libc/usr/lib/crtn.o]
    arg [/usr/local/linaro-aarch64-2020.09-gcc10.2-linux5.4/bin/../libexec/gcc/aarch64-linux-gnu/10.2.1/collect2] ==> ignore
    arg [-plugin] ==> ignore
    arg [/usr/local/linaro-aarch64-2020.09-gcc10.2-linux5.4/bin/../libexec/gcc/aarch64-linux-gnu/10.2.1/liblto_plugin.so] ==> ignore
    arg [-plugin-opt=/usr/local/linaro-aarch64-2020.09-gcc10.2-linux5.4/bin/../libexec/gcc/aarch64-linux-gnu/10.2.1/lto-wrapper] ==> ignore
    arg [-plugin-opt=-fresolution=/tmp/ccl30vDn.res] ==> ignore
    arg [-plugin-opt=-pass-through=-lgcc_s] ==> ignore
    arg [-plugin-opt=-pass-through=-lgcc] ==> ignore
    arg [-plugin-opt=-pass-through=-lc] ==> ignore
    arg [-plugin-opt=-pass-through=-lgcc_s] ==> ignore
    arg [-plugin-opt=-pass-through=-lgcc] ==> ignore
    arg [--sysroot=/usr/local/linaro-aarch64-2020.09-gcc10.2-linux5.4/bin/../aarch64-linux-gnu/libc] ==> ignore
    arg [--build-id] ==> ignore
    arg [--eh-frame-hdr] ==> ignore
    arg [-dynamic-linker] ==> ignore
    arg [/lib/ld-linux-aarch64.so.1] ==> ignore
    arg [-X] ==> ignore
    arg [-EL] ==> ignore
    arg [-maarch64linux] ==> ignore
    arg [--fix-cortex-a53-835769] ==> ignore
    arg [--fix-cortex-a53-843419] ==> ignore
    arg [-o] ==> ignore
    arg [cmTC_60f28] ==> ignore
    arg [/usr/local/linaro-aarch64-2020.09-gcc10.2-linux5.4/bin/../aarch64-linux-gnu/libc/usr/lib/crt1.o] ==> ignore
    arg [/usr/local/linaro-aarch64-2020.09-gcc10.2-linux5.4/bin/../aarch64-linux-gnu/libc/usr/lib/crti.o] ==> ignore
    arg [/usr/local/linaro-aarch64-2020.09-gcc10.2-linux5.4/bin/../lib/gcc/aarch64-linux-gnu/10.2.1/crtbegin.o] ==> ignore
    arg [-L/usr/local/linaro-aarch64-2020.09-gcc10.2-linux5.4/bin/../lib/gcc/aarch64-linux-gnu/10.2.1] ==> dir [/usr/local/linaro-aarch64-2020.09-gcc10.2-linux5.4/bin/../lib/gcc/aarch64-linux-gnu/10.2.1]
    arg [-L/usr/local/linaro-aarch64-2020.09-gcc10.2-linux5.4/bin/../lib/gcc/aarch64-linux-gnu] ==> dir [/usr/local/linaro-aarch64-2020.09-gcc10.2-linux5.4/bin/../lib/gcc/aarch64-linux-gnu]
    arg [-L/usr/local/linaro-aarch64-2020.09-gcc10.2-linux5.4/bin/../lib/gcc] ==> dir [/usr/local/linaro-aarch64-2020.09-gcc10.2-linux5.4/bin/../lib/gcc]
    arg [-L/usr/local/linaro-aarch64-2020.09-gcc10.2-linux5.4/bin/../aarch64-linux-gnu/libc/lib] ==> dir [/usr/local/linaro-aarch64-2020.09-gcc10.2-linux5.4/bin/../aarch64-linux-gnu/libc/lib]
    arg [-L/usr/local/linaro-aarch64-2020.09-gcc10.2-linux5.4/bin/../aarch64-linux-gnu/libc/usr/lib] ==> dir [/usr/local/linaro-aarch64-2020.09-gcc10.2-linux5.4/bin/../aarch64-linux-gnu/libc/usr/lib]
    arg [CMakeFiles/cmTC_60f28.dir/CMakeCXXCompilerABI.cpp.o] ==> ignore
    arg [-lstdc++] ==> lib [stdc++]
    arg [-lm] ==> lib [m]
    arg [-lgcc_s] ==> lib [gcc_s]
    arg [-lgcc] ==> lib [gcc]
    arg [-lc] ==> lib [c]
    arg [-lgcc_s] ==> lib [gcc_s]
    arg [-lgcc] ==> lib [gcc]
    arg [/usr/local/linaro-aarch64-2020.09-gcc10.2-linux5.4/bin/../lib/gcc/aarch64-linux-gnu/10.2.1/crtend.o] ==> ignore
    arg [/usr/local/linaro-aarch64-2020.09-gcc10.2-linux5.4/bin/../aarch64-linux-gnu/libc/usr/lib/crtn.o] ==> ignore
  collapse library dir [/usr/local/linaro-aarch64-2020.09-gcc10.2-linux5.4/bin/../lib/gcc/aarch64-linux-gnu/10.2.1] ==> [/usr/local/linaro-aarch64-2020.09-gcc10.2-linux5.4/lib/gcc/aarch64-linux-gnu/10.2.1]
  collapse library dir [/usr/local/linaro-aarch64-2020.09-gcc10.2-linux5.4/bin/../lib/gcc/aarch64-linux-gnu] ==> [/usr/local/linaro-aarch64-2020.09-gcc10.2-linux5.4/lib/gcc/aarch64-linux-gnu]
  collapse library dir [/usr/local/linaro-aarch64-2020.09-gcc10.2-linux5.4/bin/../lib/gcc] ==> [/usr/local/linaro-aarch64-2020.09-gcc10.2-linux5.4/lib/gcc]
  collapse library dir [/usr/local/linaro-aarch64-2020.09-gcc10.2-linux5.4/bin/../aarch64-linux-gnu/libc/lib] ==> [/usr/local/linaro-aarch64-2020.09-gcc10.2-linux5.4/aarch64-linux-gnu/libc/lib]
  collapse library dir [/usr/local/linaro-aarch64-2020.09-gcc10.2-linux5.4/bin/../aarch64-linux-gnu/libc/usr/lib] ==> [/usr/local/linaro-aarch64-2020.09-gcc10.2-linux5.4/aarch64-linux-gnu/libc/usr/lib]
  implicit libs: [stdc++;m;gcc_s;gcc;c;gcc_s;gcc]
  implicit dirs: [/usr/local/linaro-aarch64-2020.09-gcc10.2-linux5.4/lib/gcc/aarch64-linux-gnu/10.2.1;/usr/local/linaro-aarch64-2020.09-gcc10.2-linux5.4/lib/gcc/aarch64-linux-gnu;/usr/local/linaro-aarch64-2020.09-gcc10.2-linux5.4/lib/gcc;/usr/local/linaro-aarch64-2020.09-gcc10.2-linux5.4/aarch64-linux-gnu/libc/lib;/usr/local/linaro-aarch64-2020.09-gcc10.2-linux5.4/aarch64-linux-gnu/libc/usr/lib]
  implicit fwks: []


